#
# There is insufficient memory for the Java Runtime Environment to continue.
# Native memory allocation (mmap) failed to map 127401984 bytes for committing reserved memory.
# Possible reasons:
#   The system is out of physical RAM or swap space
#   In 32 bit mode, the process size limit was hit
# Possible solutions:
#   Reduce memory load on the system
#   Increase physical memory or swap space
#   Check if swap backing store is full
#   Use 64 bit Java on a 64 bit OS
#   Decrease Java heap size (-Xmx/-Xms)
#   Decrease number of Java threads
#   Decrease Java thread stack sizes (-Xss)
#   Set larger code cache with -XX:ReservedCodeCacheSize=
# This output file may be truncated or incomplete.
#
#  Out of Memory Error (os_linux.cpp:2746), pid=26915, tid=0x00007f4a66449700
#
# JRE version: OpenJDK Runtime Environment (8.0_191-b12) (build 1.8.0_191-8u191-b12-0ubuntu0.18.04.1-b12)
# Java VM: OpenJDK 64-Bit Server VM (25.191-b12 mixed mode linux-amd64 compressed oops)
# Failed to write core dump. Core dumps have been disabled. To enable core dumping, try "ulimit -c unlimited" before starting Java again
#

---------------  T H R E A D  ---------------

Current thread (0x00007f4a8014d000):  VMThread [stack: 0x00007f4a6634a000,0x00007f4a6644a000] [id=26931]

Stack: [0x00007f4a6634a000,0x00007f4a6644a000],  sp=0x00007f4a66448480,  free space=1017k
Native frames: (J=compiled Java code, j=interpreted, Vv=VM code, C=native code)
V  [libjvm.so+0xab2512]
V  [libjvm.so+0x4d9e97]
V  [libjvm.so+0x8ed690]
V  [libjvm.so+0x8e47be]
V  [libjvm.so+0x968516]
V  [libjvm.so+0x969888]
V  [libjvm.so+0x965e86]
V  [libjvm.so+0x96621c]
V  [libjvm.so+0x914a58]
V  [libjvm.so+0xab41d2]
V  [libjvm.so+0xab8d96]
V  [libjvm.so+0xab7035]
V  [libjvm.so+0xab79ad]
V  [libjvm.so+0xab7d87]
V  [libjvm.so+0x8eaa42]

VM_Operation (0x00007f4a242eaa60): ParallelGCFailedAllocation, mode: safepoint, requested by thread 0x00007f4a0c001000


---------------  P R O C E S S  ---------------

Java Threads: ( => current thread )
  0x00007f49ec007000 JavaThread "grpc-default-executor-13" daemon [_thread_blocked, id=27285, stack(0x00007f4a086f6000,0x00007f4a087f7000)]
  0x00007f49ec006800 JavaThread "grpc-default-executor-12" daemon [_thread_blocked, id=27281, stack(0x00007f4a085f5000,0x00007f4a086f6000)]
  0x00007f4a813fc800 JavaThread "grpc-default-worker-ELG-1-3" daemon [_thread_blocked, id=27279, stack(0x00007f4a08af8000,0x00007f4a08bf9000)]
  0x00007f4a1c023000 JavaThread "grpc-default-executor-11" daemon [_thread_blocked, id=27278, stack(0x00007f4a08cfa000,0x00007f4a08dfb000)]
  0x00007f4a1c028000 JavaThread "grpc-default-executor-10" daemon [_thread_blocked, id=27277, stack(0x00007f4a5cafe000,0x00007f4a5cbff000)]
  0x00007f4a1c029000 JavaThread "grpc-default-executor-9" daemon [_thread_blocked, id=27269, stack(0x00007f4a084f4000,0x00007f4a085f5000)]
  0x00007f4a1c02b000 JavaThread "grpc-default-executor-8" daemon [_thread_blocked, id=27104, stack(0x00007f4a083f3000,0x00007f4a084f4000)]
  0x00007f4a1c021000 JavaThread "grpc-default-executor-4" daemon [_thread_blocked, id=26974, stack(0x00007f4a089f7000,0x00007f4a08af8000)]
  0x00007f4a1c01d800 JavaThread "grpc-default-executor-2" daemon [_thread_blocked, id=26972, stack(0x00007f4a08bf9000,0x00007f4a08cfa000)]
  0x00007f4a0c003000 JavaThread "ForkJoinPool.commonPool-worker-0" daemon [_thread_blocked, id=26970, stack(0x00007f4a08dfb000,0x00007f4a08efc000)]
  0x00007f4a18001000 JavaThread "ForkJoinPool.commonPool-worker-6" daemon [_thread_blocked, id=26969, stack(0x00007f4a0aefe000,0x00007f4a0afff000)]
  0x00007f4a14003000 JavaThread "ForkJoinPool.commonPool-worker-7" daemon [_thread_blocked, id=26968, stack(0x00007f4a240ec000,0x00007f4a241ed000)]
  0x00007f4a0c001000 JavaThread "ForkJoinPool.commonPool-worker-5" daemon [_thread_blocked, id=26967, stack(0x00007f4a241ed000,0x00007f4a242ee000)]
  0x00007f4a80d2c000 JavaThread "ForkJoinPool.commonPool-worker-4" daemon [_thread_blocked, id=26966, stack(0x00007f4a242ee000,0x00007f4a243ef000)]
  0x00007f4a14001000 JavaThread "ForkJoinPool.commonPool-worker-3" daemon [_thread_blocked, id=26965, stack(0x00007f4a243ef000,0x00007f4a244f0000)]
  0x00007f4a80d2a800 JavaThread "ForkJoinPool.commonPool-worker-2" daemon [_thread_blocked, id=26964, stack(0x00007f4a244f0000,0x00007f4a245f1000)]
  0x00007f4a80fe2000 JavaThread "ForkJoinPool.commonPool-worker-1" daemon [_thread_blocked, id=26963, stack(0x00007f4a245f1000,0x00007f4a246f2000)]
  0x00007f4a200b5800 JavaThread "grpc-default-worker-ELG-1-2" daemon [_thread_blocked, id=26959, stack(0x00007f4a27cf5000,0x00007f4a27df6000)]
  0x00007f4a813f9000 JavaThread "grpc-default-worker-ELG-1-1" daemon [_thread_in_native, id=26955, stack(0x00007f4a64051000,0x00007f4a64152000)]
  0x00007f4a80e33000 JavaThread "Service Thread" daemon [_thread_blocked, id=26948, stack(0x00007f4a64666000,0x00007f4a64767000)]
  0x00007f4a80e28000 JavaThread "C1 CompilerThread2" daemon [_thread_blocked, id=26947, stack(0x00007f4a64980000,0x00007f4a64a80000)]
  0x00007f4a80e25000 JavaThread "C2 CompilerThread1" daemon [_thread_blocked, id=26946, stack(0x00007f4a64a81000,0x00007f4a64b81000)]
  0x00007f4a80e23800 JavaThread "C2 CompilerThread0" daemon [_thread_blocked, id=26945, stack(0x00007f4a64b82000,0x00007f4a64c82000)]
  0x00007f4a80e22000 JavaThread "Monitor Ctrl-Break" daemon [_thread_in_native, id=26944, stack(0x00007f4a64c82000,0x00007f4a64d83000)]
  0x00007f4a8018c800 JavaThread "Signal Dispatcher" daemon [_thread_blocked, id=26943, stack(0x00007f4a65677000,0x00007f4a65778000)]
  0x00007f4a80159000 JavaThread "Finalizer" daemon [_thread_blocked, id=26935, stack(0x00007f4a66147000,0x00007f4a66248000)]
  0x00007f4a80156800 JavaThread "Reference Handler" daemon [_thread_blocked, id=26933, stack(0x00007f4a66248000,0x00007f4a66349000)]
  0x00007f4a80018000 JavaThread "main" [_thread_blocked, id=26916, stack(0x00007f4a8770e000,0x00007f4a8780e000)]

Other Threads:
=>0x00007f4a8014d000 VMThread [stack: 0x00007f4a6634a000,0x00007f4a6644a000] [id=26931]
  0x00007f4a80e35800 WatcherThread [stack: 0x00007f4a64566000,0x00007f4a64666000] [id=26949]

VM state:at safepoint (normal execution)

VM Mutex/Monitor currently owned by a thread:  ([mutex/lock_event])
[0x00007f4a8000d350] Threads_lock - owner thread: 0x00007f4a8014d000
[0x00007f4a8000d850] Heap_lock - owner thread: 0x00007f4a0c001000

Heap:
 PSYoungGen      total 229376K, used 13888K [0x00000000d6f80000, 0x00000000e6080000, 0x0000000100000000)
  eden space 211968K, 0% used [0x00000000d6f80000,0x00000000d6f80000,0x00000000e3e80000)
  from space 17408K, 79% used [0x00000000e3e80000,0x00000000e4c100c0,0x00000000e4f80000)
  to   space 12288K, 0% used [0x00000000e5180000,0x00000000e5180000,0x00000000e5d80000)
 ParOldGen       total 47616K, used 20890K [0x0000000084e00000, 0x0000000087c80000, 0x00000000d6f80000)
  object space 47616K, 43% used [0x0000000084e00000,0x0000000086266b88,0x0000000087c80000)
 Metaspace       used 28870K, capacity 29614K, committed 29872K, reserved 1075200K
  class space    used 3316K, capacity 3495K, committed 3504K, reserved 1048576K

Card table byte_map: [0x00007f4a7065d000,0x00007f4a70a37000] byte_map_base: 0x00007f4a70236000

Marking Bits: (ParMarkBitMap*) 0x00007f4a869b2340
 Begin Bits: [0x00007f4a6c238000, 0x00007f4a6e100000)
 End Bits:   [0x00007f4a6e100000, 0x00007f4a6ffc8000)

Polling page: 0x00007f4a87833000

CodeCache: size=245760Kb used=16380Kb max_used=16426Kb free=229380Kb
 bounds [0x00007f4a70df7000, 0x00007f4a71e37000, 0x00007f4a7fdf7000]
 total_blobs=5715 nmethods=5265 adapters=364
 compilation: enabled

Compilation events (10 events):
Event: 424,314 Thread 0x00007f4a80e28000 nmethod 6457 0x00007f4a70f4a350 code [0x00007f4a70f4a4c0, 0x00007f4a70f4a708]
Event: 424,649 Thread 0x00007f4a80e28000 6459       3       io.netty.util.internal.PlatformDependent0::copyMemoryWithSafePointPolling (48 bytes)
Event: 425,970 Thread 0x00007f4a80e25000 nmethod 6454 0x00007f4a70f99090 code [0x00007f4a70f991e0, 0x00007f4a70f992b8]
Event: 426,305 Thread 0x00007f4a80e25000 6460       4       java.util.concurrent.ThreadPoolExecutor::execute (132 bytes)
Event: 433,125 Thread 0x00007f4a80e28000 nmethod 6459 0x00007f4a71777510 code [0x00007f4a717776a0, 0x00007f4a71777b68]
Event: 434,647 Thread 0x00007f4a80e28000 6464       2       java.util.concurrent.CopyOnWriteArrayList$COWIterator::<init> (15 bytes)
Event: 435,548 Thread 0x00007f4a80e23800 nmethod 6456 0x00007f4a71e27190 code [0x00007f4a71e27600, 0x00007f4a71e2a240]
Event: 436,795 Thread 0x00007f4a80e23800 6462       4       java.util.regex.Pattern$Slice::match (79 bytes)
Event: 442,000 Thread 0x00007f4a80e28000 nmethod 6464 0x00007f4a71170510 code [0x00007f4a71170660, 0x00007f4a711707d0]
Event: 443,367 Thread 0x00007f4a80e28000 6465       2       java.util.concurrent.CopyOnWriteArrayList$COWIterator::<init> (7 bytes)

GC Heap History (10 events):
Event: 3,547 GC heap after
Heap after GC invocations=5 (full 0):
 PSYoungGen      total 68608K, used 5114K [0x00000000d6f80000, 0x00000000df980000, 0x0000000100000000)
  eden space 63488K, 0% used [0x00000000d6f80000,0x00000000d6f80000,0x00000000dad80000)
  from space 5120K, 99% used [0x00000000dad80000,0x00000000db27eaa0,0x00000000db280000)
  to   space 7168K, 0% used [0x00000000df280000,0x00000000df280000,0x00000000df980000)
 ParOldGen       total 84992K, used 2345K [0x0000000084e00000, 0x000000008a100000, 0x00000000d6f80000)
  object space 84992K, 2% used [0x0000000084e00000,0x000000008504a610,0x000000008a100000)
 Metaspace       used 18022K, capacity 18224K, committed 18432K, reserved 1064960K
  class space    used 2120K, capacity 2216K, committed 2304K, reserved 1048576K
}
Event: 5,391 GC heap before
{Heap before GC invocations=6 (full 0):
 PSYoungGen      total 68608K, used 64315K [0x00000000d6f80000, 0x00000000df980000, 0x0000000100000000)
  eden space 63488K, 93% used [0x00000000d6f80000,0x00000000da950200,0x00000000dad80000)
  from space 5120K, 99% used [0x00000000dad80000,0x00000000db27eaa0,0x00000000db280000)
  to   space 7168K, 0% used [0x00000000df280000,0x00000000df280000,0x00000000df980000)
 ParOldGen       total 84992K, used 2345K [0x0000000084e00000, 0x000000008a100000, 0x00000000d6f80000)
  object space 84992K, 2% used [0x0000000084e00000,0x000000008504a610,0x000000008a100000)
 Metaspace       used 20923K, capacity 21076K, committed 21296K, reserved 1069056K
  class space    used 2505K, capacity 2570K, committed 2608K, reserved 1048576K
Event: 5,397 GC heap after
Heap after GC invocations=6 (full 0):
 PSYoungGen      total 133120K, used 7143K [0x00000000d6f80000, 0x00000000dfb80000, 0x0000000100000000)
  eden space 125952K, 0% used [0x00000000d6f80000,0x00000000d6f80000,0x00000000dea80000)
  from space 7168K, 99% used [0x00000000df280000,0x00000000df979f10,0x00000000df980000)
  to   space 8192K, 0% used [0x00000000dea80000,0x00000000dea80000,0x00000000df280000)
 ParOldGen       total 84992K, used 2410K [0x0000000084e00000, 0x000000008a100000, 0x00000000d6f80000)
  object space 84992K, 2% used [0x0000000084e00000,0x000000008505a890,0x000000008a100000)
 Metaspace       used 20923K, capacity 21076K, committed 21296K, reserved 1069056K
  class space    used 2505K, capacity 2570K, committed 2608K, reserved 1048576K
}
Event: 5,397 GC heap before
{Heap before GC invocations=7 (full 1):
 PSYoungGen      total 133120K, used 7143K [0x00000000d6f80000, 0x00000000dfb80000, 0x0000000100000000)
  eden space 125952K, 0% used [0x00000000d6f80000,0x00000000d6f80000,0x00000000dea80000)
  from space 7168K, 99% used [0x00000000df280000,0x00000000df979f10,0x00000000df980000)
  to   space 8192K, 0% used [0x00000000dea80000,0x00000000dea80000,0x00000000df280000)
 ParOldGen       total 84992K, used 2410K [0x0000000084e00000, 0x000000008a100000, 0x00000000d6f80000)
  object space 84992K, 2% used [0x0000000084e00000,0x000000008505a890,0x000000008a100000)
 Metaspace       used 20923K, capacity 21076K, committed 21296K, reserved 1069056K
  class space    used 2505K, capacity 2570K, committed 2608K, reserved 1048576K
Event: 5,419 GC heap after
Heap after GC invocations=7 (full 1):
 PSYoungGen      total 133120K, used 0K [0x00000000d6f80000, 0x00000000dfb80000, 0x0000000100000000)
  eden space 125952K, 0% used [0x00000000d6f80000,0x00000000d6f80000,0x00000000dea80000)
  from space 7168K, 0% used [0x00000000df280000,0x00000000df280000,0x00000000df980000)
  to   space 8192K, 0% used [0x00000000dea80000,0x00000000dea80000,0x00000000df280000)
 ParOldGen       total 47616K, used 6977K [0x0000000084e00000, 0x0000000087c80000, 0x00000000d6f80000)
  object space 47616K, 14% used [0x0000000084e00000,0x00000000854d0718,0x0000000087c80000)
 Metaspace       used 20923K, capacity 21076K, committed 21296K, reserved 1069056K
  class space    used 2505K, capacity 2570K, committed 2608K, reserved 1048576K
}
Event: 17,174 GC heap before
{Heap before GC invocations=8 (full 1):
 PSYoungGen      total 133120K, used 125952K [0x00000000d6f80000, 0x00000000dfb80000, 0x0000000100000000)
  eden space 125952K, 100% used [0x00000000d6f80000,0x00000000dea80000,0x00000000dea80000)
  from space 7168K, 0% used [0x00000000df280000,0x00000000df280000,0x00000000df980000)
  to   space 8192K, 0% used [0x00000000dea80000,0x00000000dea80000,0x00000000df280000)
 ParOldGen       total 47616K, used 6977K [0x0000000084e00000, 0x0000000087c80000, 0x00000000d6f80000)
  object space 47616K, 14% used [0x0000000084e00000,0x00000000854d0718,0x0000000087c80000)
 Metaspace       used 25520K, capacity 26020K, committed 26160K, reserved 1073152K
  class space    used 3120K, capacity 3270K, committed 3376K, reserved 1048576K
Event: 17,185 GC heap after
Heap after GC invocations=8 (full 1):
 PSYoungGen      total 134144K, used 8180K [0x00000000d6f80000, 0x00000000e5d80000, 0x0000000100000000)
  eden space 125952K, 0% used [0x00000000d6f80000,0x00000000d6f80000,0x00000000dea80000)
  from space 8192K, 99% used [0x00000000dea80000,0x00000000df27d040,0x00000000df280000)
  to   space 12288K, 0% used [0x00000000e5180000,0x00000000e5180000,0x00000000e5d80000)
 ParOldGen       total 47616K, used 13395K [0x0000000084e00000, 0x0000000087c80000, 0x00000000d6f80000)
  object space 47616K, 28% used [0x0000000084e00000,0x0000000085b14c78,0x0000000087c80000)
 Metaspace       used 25520K, capacity 26020K, committed 26160K, reserved 1073152K
  class space    used 3120K, capacity 3270K, committed 3376K, reserved 1048576K
}
Event: 91,263 GC heap before
{Heap before GC invocations=9 (full 1):
 PSYoungGen      total 134144K, used 134132K [0x00000000d6f80000, 0x00000000e5d80000, 0x0000000100000000)
  eden space 125952K, 100% used [0x00000000d6f80000,0x00000000dea80000,0x00000000dea80000)
  from space 8192K, 99% used [0x00000000dea80000,0x00000000df27d040,0x00000000df280000)
  to   space 12288K, 0% used [0x00000000e5180000,0x00000000e5180000,0x00000000e5d80000)
 ParOldGen       total 47616K, used 13395K [0x0000000084e00000, 0x0000000087c80000, 0x00000000d6f80000)
  object space 47616K, 28% used [0x0000000084e00000,0x0000000085b14c78,0x0000000087c80000)
 Metaspace       used 28302K, capacity 29004K, committed 29104K, reserved 1075200K
  class space    used 3309K, capacity 3494K, committed 3504K, reserved 1048576K
Event: 91,280 GC heap after
Heap after GC invocations=9 (full 1):
 PSYoungGen      total 224256K, used 12256K [0x00000000d6f80000, 0x00000000e6080000, 0x0000000100000000)
  eden space 211968K, 0% used [0x00000000d6f80000,0x00000000d6f80000,0x00000000e3e80000)
  from space 12288K, 99% used [0x00000000e5180000,0x00000000e5d780c0,0x00000000e5d80000)
  to   space 17408K, 0% used [0x00000000e3e80000,0x00000000e3e80000,0x00000000e4f80000)
 ParOldGen       total 47616K, used 20882K [0x0000000084e00000, 0x0000000087c80000, 0x00000000d6f80000)
  object space 47616K, 43% used [0x0000000084e00000,0x0000000086264b88,0x0000000087c80000)
 Metaspace       used 28302K, capacity 29004K, committed 29104K, reserved 1075200K
  class space    used 3309K, capacity 3494K, committed 3504K, reserved 1048576K
}
Event: 459,882 GC heap before
{Heap before GC invocations=10 (full 1):
 PSYoungGen      total 224256K, used 224224K [0x00000000d6f80000, 0x00000000e6080000, 0x0000000100000000)
  eden space 211968K, 100% used [0x00000000d6f80000,0x00000000e3e80000,0x00000000e3e80000)
  from space 12288K, 99% used [0x00000000e5180000,0x00000000e5d780c0,0x00000000e5d80000)
  to   space 17408K, 0% used [0x00000000e3e80000,0x00000000e3e80000,0x00000000e4f80000)
 ParOldGen       total 47616K, used 20882K [0x0000000084e00000, 0x0000000087c80000, 0x00000000d6f80000)
  object space 47616K, 43% used [0x0000000084e00000,0x0000000086264b88,0x0000000087c80000)
 Metaspace       used 28870K, capacity 29614K, committed 29872K, reserved 1075200K
  class space    used 3316K, capacity 3495K, committed 3504K, reserved 1048576K

Deoptimization events (10 events):
Event: 384,849 Thread 0x00007f4a813fc800 Uncommon trap: reason=unstable_if action=reinterpret pc=0x00007f4a71e10824 method=sun.nio.ch.IOVecWrapper.get(I)Lsun/nio/ch/IOVecWrapper; @ 19
Event: 386,107 Thread 0x00007f4a813fc800 Uncommon trap: reason=class_check action=maybe_recompile pc=0x00007f4a71c0e674 method=io.grpc.internal.ForwardingClientStreamListener.messagesAvailable(Lio/grpc/internal/StreamListener$MessageProducer;)V @ 5
Event: 386,111 Thread 0x00007f4a813fc800 Uncommon trap: reason=class_check action=maybe_recompile pc=0x00007f4a71c0e674 method=io.grpc.internal.ForwardingClientStreamListener.messagesAvailable(Lio/grpc/internal/StreamListener$MessageProducer;)V @ 5
Event: 386,112 Thread 0x00007f4a813fc800 Uncommon trap: reason=class_check action=maybe_recompile pc=0x00007f4a71c0e674 method=io.grpc.internal.ForwardingClientStreamListener.messagesAvailable(Lio/grpc/internal/StreamListener$MessageProducer;)V @ 5
Event: 386,112 Thread 0x00007f4a813fc800 Uncommon trap: reason=class_check action=maybe_recompile pc=0x00007f4a71c0e674 method=io.grpc.internal.ForwardingClientStreamListener.messagesAvailable(Lio/grpc/internal/StreamListener$MessageProducer;)V @ 5
Event: 386,560 Thread 0x00007f4a813fc800 Uncommon trap: reason=unstable_if action=reinterpret pc=0x00007f4a71875f5c method=io.netty.util.Recycler$Stack.scavengeSome()Z @ 17
Event: 394,482 Thread 0x00007f4a0c003000 Uncommon trap: reason=unstable_if action=reinterpret pc=0x00007f4a71b75038 method=java.util.concurrent.ConcurrentLinkedQueue.offer(Ljava/lang/Object;)Z @ 72
Event: 404,332 Thread 0x00007f4a0c003000 Uncommon trap: reason=unstable_if action=reinterpret pc=0x00007f4a71bd4aa4 method=ai.grakn.graql.internal.pattern.property.HasAttributeProperty.equals(Ljava/lang/Object;)Z @ 40
Event: 404,736 Thread 0x00007f4a0c003000 Uncommon trap: reason=unstable_if action=reinterpret pc=0x00007f4a71a972a4 method=ai.grakn.graql.internal.pattern.VarPatternImpl.equals(Ljava/lang/Object;)Z @ 65
Event: 406,409 Thread 0x00007f4a14003000 Uncommon trap: reason=unstable_if action=reinterpret pc=0x00007f4a71731c54 method=java.util.regex.Pattern$Slice.match(Ljava/util/regex/Matcher;ILjava/lang/CharSequence;)Z @ 54

Classes redefined (0 events):
No events

Internal exceptions (10 events):
Event: 18,348 Thread 0x00007f4a80018000 Implicit null exception at 0x00007f4a71642f0f to 0x00007f4a71645e25
Event: 18,352 Thread 0x00007f4a80018000 Implicit null exception at 0x00007f4a7153a542 to 0x00007f4a7153a799
Event: 18,690 Thread 0x00007f4a80018000 Exception <a 'java/lang/NoSuchMethodError': java.lang.Object.of(Ljava/lang/Object;)Ljava/util/stream/Stream;> (0x00000000d9db6af8) thrown at [/build/openjdk-8-rxFzfV/openjdk-8-8u191-b12/src/hotspot/src/share/vm/interpreter/linkResolver.cpp, line 620]
Event: 18,690 Thread 0x00007f4a18001000 Exception <a 'java/lang/NoSuchMethodError': java.lang.Object.of(Ljava/lang/Object;)Ljava/util/stream/Stream;> (0x00000000d9edd418) thrown at [/build/openjdk-8-rxFzfV/openjdk-8-8u191-b12/src/hotspot/src/share/vm/interpreter/linkResolver.cpp, line 620]
Event: 18,690 Thread 0x00007f4a80018000 Exception <a 'java/lang/NoSuchMethodError': java.lang.Object.empty()Ljava/util/stream/Stream;> (0x00000000d9db9a98) thrown at [/build/openjdk-8-rxFzfV/openjdk-8-8u191-b12/src/hotspot/src/share/vm/interpreter/linkResolver.cpp, line 620]
Event: 20,637 Thread 0x00007f4a80d2c000 Implicit null exception at 0x00007f4a712ffedb to 0x00007f4a713005f9
Event: 20,638 Thread 0x00007f4a80d2c000 Implicit null exception at 0x00007f4a71354c2f to 0x00007f4a71354c99
Event: 361,646 Thread 0x00007f4a200b5800 Implicit null exception at 0x00007f4a71c6f39f to 0x00007f4a71c72fbd
Event: 383,814 Thread 0x00007f4a813fc800 Implicit null exception at 0x00007f4a71dd7b30 to 0x00007f4a71dd8489
Event: 384,333 Thread 0x00007f4a813fc800 Implicit null exception at 0x00007f4a71e0afe2 to 0x00007f4a71e0b8f1

Events (10 events):
Event: 433,735 Thread 0x00007f4a80e28000 flushing nmethod 0x00007f4a71170510
Event: 442,705 Thread 0x00007f4a80e28000 flushing nmethod 0x00007f4a71283690
Event: 442,705 Thread 0x00007f4a80e28000 flushing nmethod 0x00007f4a712a1850
Event: 442,705 Thread 0x00007f4a80e28000 flushing nmethod 0x00007f4a712a7690
Event: 442,705 Thread 0x00007f4a80e28000 flushing nmethod 0x00007f4a712b7910
Event: 442,705 Thread 0x00007f4a80e28000 flushing nmethod 0x00007f4a712bdad0
Event: 442,705 Thread 0x00007f4a80e28000 flushing nmethod 0x00007f4a712c5050
Event: 442,705 Thread 0x00007f4a80e28000 flushing nmethod 0x00007f4a712c5490
Event: 442,705 Thread 0x00007f4a80e28000 flushing nmethod 0x00007f4a712c5c10
Event: 458,221 Executing VM operation: ParallelGCFailedAllocation


Dynamic libraries:
84e00000-87c80000 rw-p 00000000 00:00 0 
87c80000-d6f80000 ---p 00000000 00:00 0 
d6f80000-e6080000 rw-p 00000000 00:00 0 
eda00000-100000000 ---p 00000000 00:00 0 
100000000-10036c000 rw-p 00000000 00:00 0 
10036c000-140000000 ---p 00000000 00:00 0 
55d227298000-55d227299000 r-xp 00000000 08:01 3018316                    /usr/lib/jvm/java-8-openjdk-amd64/jre/bin/java
55d227498000-55d227499000 r--p 00000000 08:01 3018316                    /usr/lib/jvm/java-8-openjdk-amd64/jre/bin/java
55d227499000-55d22749a000 rw-p 00001000 08:01 3018316                    /usr/lib/jvm/java-8-openjdk-amd64/jre/bin/java
55d2275ad000-55d2275f2000 rw-p 00000000 00:00 0                          [heap]
7f49e0000000-7f49e0021000 rw-p 00000000 00:00 0 
7f49e0021000-7f49e4000000 ---p 00000000 00:00 0 
7f49e4000000-7f49e4021000 rw-p 00000000 00:00 0 
7f49e4021000-7f49e8000000 ---p 00000000 00:00 0 
7f49e8000000-7f49e8021000 rw-p 00000000 00:00 0 
7f49e8021000-7f49ec000000 ---p 00000000 00:00 0 
7f49ec000000-7f49ec021000 rw-p 00000000 00:00 0 
7f49ec021000-7f49f0000000 ---p 00000000 00:00 0 
7f49f0000000-7f49f0021000 rw-p 00000000 00:00 0 
7f49f0021000-7f49f4000000 ---p 00000000 00:00 0 
7f49f4000000-7f49f4021000 rw-p 00000000 00:00 0 
7f49f4021000-7f49f8000000 ---p 00000000 00:00 0 
7f49f8000000-7f49f8021000 rw-p 00000000 00:00 0 
7f49f8021000-7f49fc000000 ---p 00000000 00:00 0 
7f49fdffe000-7f4a00000000 rw-p 00000000 00:00 0 
7f4a00000000-7f4a00021000 rw-p 00000000 00:00 0 
7f4a00021000-7f4a04000000 ---p 00000000 00:00 0 
7f4a04000000-7f4a04021000 rw-p 00000000 00:00 0 
7f4a04021000-7f4a08000000 ---p 00000000 00:00 0 
7f4a083f3000-7f4a083f6000 ---p 00000000 00:00 0 
7f4a083f6000-7f4a084f4000 rw-p 00000000 00:00 0 
7f4a084f4000-7f4a084f7000 ---p 00000000 00:00 0 
7f4a084f7000-7f4a085f5000 rw-p 00000000 00:00 0 
7f4a085f5000-7f4a085f8000 ---p 00000000 00:00 0 
7f4a085f8000-7f4a086f6000 rw-p 00000000 00:00 0 
7f4a086f6000-7f4a086f9000 ---p 00000000 00:00 0 
7f4a086f9000-7f4a089b7000 rw-p 00000000 00:00 0 
7f4a089b7000-7f4a089f7000 ---p 00000000 00:00 0 
7f4a089f7000-7f4a089fa000 ---p 00000000 00:00 0 
7f4a089fa000-7f4a08af8000 rw-p 00000000 00:00 0 
7f4a08af8000-7f4a08afb000 ---p 00000000 00:00 0 
7f4a08afb000-7f4a08bf9000 rw-p 00000000 00:00 0 
7f4a08bf9000-7f4a08bfc000 ---p 00000000 00:00 0 
7f4a08bfc000-7f4a08cfa000 rw-p 00000000 00:00 0 
7f4a08cfa000-7f4a08cfd000 ---p 00000000 00:00 0 
7f4a08cfd000-7f4a08dfb000 rw-p 00000000 00:00 0 
7f4a08dfb000-7f4a08dfe000 ---p 00000000 00:00 0 
7f4a08dfe000-7f4a0aefe000 rw-p 00000000 00:00 0 
7f4a0aefe000-7f4a0af01000 ---p 00000000 00:00 0 
7f4a0af01000-7f4a0c000000 rw-p 00000000 00:00 0 
7f4a0c000000-7f4a0c021000 rw-p 00000000 00:00 0 
7f4a0c021000-7f4a10000000 ---p 00000000 00:00 0 
7f4a10000000-7f4a1008f000 rw-p 00000000 00:00 0 
7f4a1008f000-7f4a14000000 ---p 00000000 00:00 0 
7f4a14000000-7f4a14021000 rw-p 00000000 00:00 0 
7f4a14021000-7f4a18000000 ---p 00000000 00:00 0 
7f4a18000000-7f4a18021000 rw-p 00000000 00:00 0 
7f4a18021000-7f4a1c000000 ---p 00000000 00:00 0 
7f4a1c000000-7f4a1c030000 rw-p 00000000 00:00 0 
7f4a1c030000-7f4a20000000 ---p 00000000 00:00 0 
7f4a20000000-7f4a200ff000 rw-p 00000000 00:00 0 
7f4a200ff000-7f4a24000000 ---p 00000000 00:00 0 
7f4a240ec000-7f4a240ef000 ---p 00000000 00:00 0 
7f4a240ef000-7f4a241ed000 rw-p 00000000 00:00 0 
7f4a241ed000-7f4a241f0000 ---p 00000000 00:00 0 
7f4a241f0000-7f4a242ee000 rw-p 00000000 00:00 0 
7f4a242ee000-7f4a242f1000 ---p 00000000 00:00 0 
7f4a242f1000-7f4a243ef000 rw-p 00000000 00:00 0 
7f4a243ef000-7f4a243f2000 ---p 00000000 00:00 0 
7f4a243f2000-7f4a244f0000 rw-p 00000000 00:00 0 
7f4a244f0000-7f4a244f3000 ---p 00000000 00:00 0 
7f4a244f3000-7f4a245f1000 rw-p 00000000 00:00 0 
7f4a245f1000-7f4a245f4000 ---p 00000000 00:00 0 
7f4a245f4000-7f4a248f2000 rw-p 00000000 00:00 0 
7f4a248f2000-7f4a25af3000 rw-p 00000000 00:00 0 
7f4a25af3000-7f4a26cf4000 rw-p 00000000 00:00 0 
7f4a26cf4000-7f4a27cf5000 rw-p 00000000 00:00 0 
7f4a27cf5000-7f4a27cf8000 ---p 00000000 00:00 0 
7f4a27cf8000-7f4a27df6000 rw-p 00000000 00:00 0 
7f4a27df6000-7f4a27dff000 r-xp 00000000 08:01 3018526                    /usr/lib/jvm/java-8-openjdk-amd64/jre/lib/amd64/libmanagement.so
7f4a27dff000-7f4a27ffe000 ---p 00009000 08:01 3018526                    /usr/lib/jvm/java-8-openjdk-amd64/jre/lib/amd64/libmanagement.so
7f4a27ffe000-7f4a27fff000 r--p 00008000 08:01 3018526                    /usr/lib/jvm/java-8-openjdk-amd64/jre/lib/amd64/libmanagement.so
7f4a27fff000-7f4a28000000 rw-p 00009000 08:01 3018526                    /usr/lib/jvm/java-8-openjdk-amd64/jre/lib/amd64/libmanagement.so
7f4a28000000-7f4a28021000 rw-p 00000000 00:00 0 
7f4a28021000-7f4a2c000000 ---p 00000000 00:00 0 
7f4a2c000000-7f4a2c021000 rw-p 00000000 00:00 0 
7f4a2c021000-7f4a30000000 ---p 00000000 00:00 0 
7f4a30000000-7f4a3078f000 rw-p 00000000 00:00 0 
7f4a3078f000-7f4a34000000 ---p 00000000 00:00 0 
7f4a34000000-7f4a34021000 rw-p 00000000 00:00 0 
7f4a34021000-7f4a38000000 ---p 00000000 00:00 0 
7f4a38000000-7f4a3a104000 rw-p 00000000 00:00 0 
7f4a3a104000-7f4a3c000000 ---p 00000000 00:00 0 
7f4a3c000000-7f4a3e2d1000 rw-p 00000000 00:00 0 
7f4a3e2d1000-7f4a40000000 ---p 00000000 00:00 0 
7f4a40000000-7f4a40021000 rw-p 00000000 00:00 0 
7f4a40021000-7f4a44000000 ---p 00000000 00:00 0 
7f4a44000000-7f4a44021000 rw-p 00000000 00:00 0 
7f4a44021000-7f4a48000000 ---p 00000000 00:00 0 
7f4a48000000-7f4a48021000 rw-p 00000000 00:00 0 
7f4a48021000-7f4a4c000000 ---p 00000000 00:00 0 
7f4a4c000000-7f4a4c021000 rw-p 00000000 00:00 0 
7f4a4c021000-7f4a50000000 ---p 00000000 00:00 0 
7f4a50000000-7f4a50021000 rw-p 00000000 00:00 0 
7f4a50021000-7f4a54000000 ---p 00000000 00:00 0 
7f4a54000000-7f4a540ca000 rw-p 00000000 00:00 0 
7f4a540ca000-7f4a58000000 ---p 00000000 00:00 0 
7f4a58000000-7f4a58021000 rw-p 00000000 00:00 0 
7f4a58021000-7f4a5c000000 ---p 00000000 00:00 0 
7f4a5c0d9000-7f4a5c2d9000 rw-p 00000000 00:00 0 
7f4a5c2d9000-7f4a5c4d9000 rw-p 00000000 00:00 0 
7f4a5c4d9000-7f4a5c4f0000 r-xp 00000000 08:01 29364949                   /lib/x86_64-linux-gnu/libresolv-2.27.so
7f4a5c4f0000-7f4a5c6f0000 ---p 00017000 08:01 29364949                   /lib/x86_64-linux-gnu/libresolv-2.27.so
7f4a5c6f0000-7f4a5c6f1000 r--p 00017000 08:01 29364949                   /lib/x86_64-linux-gnu/libresolv-2.27.so
7f4a5c6f1000-7f4a5c6f2000 rw-p 00018000 08:01 29364949                   /lib/x86_64-linux-gnu/libresolv-2.27.so
7f4a5c6f2000-7f4a5c6f4000 rw-p 00000000 00:00 0 
7f4a5c6f4000-7f4a5c6f9000 r-xp 00000000 08:01 29364898                   /lib/x86_64-linux-gnu/libnss_dns-2.27.so
7f4a5c6f9000-7f4a5c8f9000 ---p 00005000 08:01 29364898                   /lib/x86_64-linux-gnu/libnss_dns-2.27.so
7f4a5c8f9000-7f4a5c8fa000 r--p 00005000 08:01 29364898                   /lib/x86_64-linux-gnu/libnss_dns-2.27.so
7f4a5c8fa000-7f4a5c8fb000 rw-p 00006000 08:01 29364898                   /lib/x86_64-linux-gnu/libnss_dns-2.27.so
7f4a5c8fb000-7f4a5c8fd000 r-xp 00000000 08:01 29364906                   /lib/x86_64-linux-gnu/libnss_mdns4_minimal.so.2
7f4a5c8fd000-7f4a5cafc000 ---p 00002000 08:01 29364906                   /lib/x86_64-linux-gnu/libnss_mdns4_minimal.so.2
7f4a5cafc000-7f4a5cafd000 r--p 00001000 08:01 29364906                   /lib/x86_64-linux-gnu/libnss_mdns4_minimal.so.2
7f4a5cafd000-7f4a5cafe000 rw-p 00002000 08:01 29364906                   /lib/x86_64-linux-gnu/libnss_mdns4_minimal.so.2
7f4a5cafe000-7f4a5cb01000 ---p 00000000 00:00 0 
7f4a5cb01000-7f4a5cdff000 rw-p 00000000 00:00 0 
7f4a5cdff000-7f4a5cfff000 rw-p 00000000 00:00 0 
7f4a5cfff000-7f4a60000000 rw-p 00000000 00:00 0 
7f4a60000000-7f4a60021000 rw-p 00000000 00:00 0 
7f4a60021000-7f4a64000000 ---p 00000000 00:00 0 
7f4a6404c000-7f4a64051000 r--s 000a0000 08:01 3019398                    /usr/lib/jvm/java-8-openjdk-amd64/jre/lib/jsse.jar
7f4a64051000-7f4a64054000 ---p 00000000 00:00 0 
7f4a64054000-7f4a64352000 rw-p 00000000 00:00 0 
7f4a64352000-7f4a64364000 r-xp 00000000 08:01 3018538                    /usr/lib/jvm/java-8-openjdk-amd64/jre/lib/amd64/libnio.so
7f4a64364000-7f4a64563000 ---p 00012000 08:01 3018538                    /usr/lib/jvm/java-8-openjdk-amd64/jre/lib/amd64/libnio.so
7f4a64563000-7f4a64564000 r--p 00011000 08:01 3018538                    /usr/lib/jvm/java-8-openjdk-amd64/jre/lib/amd64/libnio.so
7f4a64564000-7f4a64565000 rw-p 00012000 08:01 3018538                    /usr/lib/jvm/java-8-openjdk-amd64/jre/lib/amd64/libnio.so
7f4a64565000-7f4a64566000 ---p 00000000 00:00 0 
7f4a64566000-7f4a64666000 rw-p 00000000 00:00 0 
7f4a64666000-7f4a64669000 ---p 00000000 00:00 0 
7f4a64669000-7f4a64767000 rw-p 00000000 00:00 0 
7f4a64767000-7f4a6477e000 r-xp 00000000 08:01 3018528                    /usr/lib/jvm/java-8-openjdk-amd64/jre/lib/amd64/libnet.so
7f4a6477e000-7f4a6497d000 ---p 00017000 08:01 3018528                    /usr/lib/jvm/java-8-openjdk-amd64/jre/lib/amd64/libnet.so
7f4a6497d000-7f4a6497e000 r--p 00016000 08:01 3018528                    /usr/lib/jvm/java-8-openjdk-amd64/jre/lib/amd64/libnet.so
7f4a6497e000-7f4a6497f000 rw-p 00017000 08:01 3018528                    /usr/lib/jvm/java-8-openjdk-amd64/jre/lib/amd64/libnet.so
7f4a6497f000-7f4a64980000 ---p 00000000 00:00 0 
7f4a64980000-7f4a64983000 ---p 00000000 00:00 0 
7f4a64983000-7f4a64a80000 rw-p 00000000 00:00 0 
7f4a64a80000-7f4a64a81000 ---p 00000000 00:00 0 
7f4a64a81000-7f4a64a84000 ---p 00000000 00:00 0 
7f4a64a84000-7f4a64b81000 rw-p 00000000 00:00 0 
7f4a64b81000-7f4a64b82000 ---p 00000000 00:00 0 
7f4a64b82000-7f4a64b85000 ---p 00000000 00:00 0 
7f4a64b85000-7f4a64c82000 rw-p 00000000 00:00 0 
7f4a64c82000-7f4a64c85000 ---p 00000000 00:00 0 
7f4a64c85000-7f4a64d83000 rw-p 00000000 00:00 0 
7f4a64d83000-7f4a64d85000 r--s 0001a000 08:01 12852154                   /home/oxid/Softwares/idea-IU-181.4892.42/lib/idea_rt.jar
7f4a64d85000-7f4a64d90000 r--s 00069000 08:01 14948048                   /home/oxid/.m2/repository/ch/qos/logback/logback-core/1.2.3/logback-core-1.2.3.jar
7f4a64d90000-7f4a64d96000 r--s 00041000 08:01 12587245                   /home/oxid/.m2/repository/ch/qos/logback/logback-classic/1.2.3/logback-classic-1.2.3.jar
7f4a64d96000-7f4a64d9a000 r--s 0001a000 08:01 25954210                   /home/oxid/.m2/repository/io/netty/netty-codec-socks/4.1.27.Final/netty-codec-socks-4.1.27.Final.jar
7f4a64d9a000-7f4a64d9b000 r--s 00007000 08:01 25954226                   /home/oxid/.m2/repository/io/netty/netty-resolver/4.1.27.Final/netty-resolver-4.1.27.Final.jar
7f4a64d9b000-7f4a64da5000 r--s 00067000 08:01 25954218                   /home/oxid/.m2/repository/io/netty/netty-transport/4.1.27.Final/netty-transport-4.1.27.Final.jar
7f4a64da5000-7f4a64da7000 r--s 00004000 08:01 25954222                   /home/oxid/.m2/repository/io/netty/netty-handler-proxy/4.1.27.Final/netty-handler-proxy-4.1.27.Final.jar
7f4a64da7000-7f4a64db3000 r--s 00081000 08:01 25954228                   /home/oxid/.m2/repository/io/netty/netty-common/4.1.27.Final/netty-common-4.1.27.Final.jar
7f4a64db3000-7f4a64db7000 r--s 0003f000 08:01 25954224                   /home/oxid/.m2/repository/io/netty/netty-buffer/4.1.27.Final/netty-buffer-4.1.27.Final.jar
7f4a64db7000-7f4a64dbe000 r--s 00058000 08:01 25954212                   /home/oxid/.m2/repository/io/netty/netty-handler/4.1.27.Final/netty-handler-4.1.27.Final.jar
7f4a64dbe000-7f4a64dc5000 r--s 00047000 08:01 25954215                   /home/oxid/.m2/repository/io/netty/netty-codec/4.1.27.Final/netty-codec-4.1.27.Final.jar
7f4a64dc5000-7f4a64dcf000 r--s 00080000 08:01 25954208                   /home/oxid/.m2/repository/io/netty/netty-codec-http/4.1.27.Final/netty-codec-http-4.1.27.Final.jar
7f4a64dcf000-7f4a64dd7000 r--s 0005c000 08:01 25823304                   /home/oxid/.m2/repository/io/netty/netty-codec-http2/4.1.27.Final/netty-codec-http2-4.1.27.Final.jar
7f4a64dd7000-7f4a64ddb000 r--s 00030000 08:01 25823302                   /home/oxid/.m2/repository/io/grpc/grpc-netty/1.15.0/grpc-netty-1.15.0.jar
7f4a64ddb000-7f4a64ddd000 r--s 00008000 08:01 25823300                   /home/oxid/.m2/repository/io/grpc/grpc-stub/1.15.0/grpc-stub-1.15.0.jar
7f4a64ddd000-7f4a64dde000 r--s 00001000 08:01 25823294                   /home/oxid/.m2/repository/io/grpc/grpc-protobuf-lite/1.15.0/grpc-protobuf-lite-1.15.0.jar
7f4a64dde000-7f4a64de9000 r--s 00100000 08:01 14948046                   /home/oxid/.m2/repository/com/google/api/grpc/proto-google-common-protos/1.0.0/proto-google-common-protos-1.0.0.jar
7f4a64de9000-7f4a64df9000 r--s 00149000 08:01 14948051                   /home/oxid/.m2/repository/com/google/protobuf/protobuf-java/3.5.1/protobuf-java-3.5.1.jar
7f4a64df9000-7f4a64dfa000 r--s 00002000 08:01 25823296                   /home/oxid/.m2/repository/io/opencensus/opencensus-contrib-grpc-metrics/0.12.3/opencensus-contrib-grpc-metrics-0.12.3.jar
7f4a64dfa000-7f4a64e01000 r--s 00030000 08:01 25823298                   /home/oxid/.m2/repository/io/opencensus/opencensus-api/0.12.3/opencensus-api-0.12.3.jar
7f4a64e01000-7f4a64e06000 r--s 00034000 08:01 14948036                   /home/oxid/.m2/repository/com/google/code/gson/gson/2.7/gson-2.7.jar
7f4a64e06000-7f4a64e07000 r--s 00006000 08:01 25823292                   /home/oxid/.m2/repository/io/grpc/grpc-context/1.15.0/grpc-context-1.15.0.jar
7f4a64e07000-7f4a64e15000 r--s 0009e000 08:01 25561338                   /home/oxid/.m2/repository/io/grpc/grpc-core/1.15.0/grpc-core-1.15.0.jar
7f4a64e15000-7f4a64e16000 r--s 00001000 08:01 23073516                   /home/oxid/.m2/repository/io/grpc/grpc-protobuf/1.15.0/grpc-protobuf-1.15.0.jar
7f4a64e16000-7f4a64e59000 r--s 00372000 08:01 23494749                   /home/oxid/.m2/repository/io/netty/netty-all/4.1.30.Final/netty-all-4.1.30.Final.jar
7f4a64e59000-7f4a64e5c000 r--s 00012000 08:01 25298630                   /home/oxid/.m2/repository/net/jodah/failsafe/1.0.4/failsafe-1.0.4.jar
7f4a64e5c000-7f4a64e5e000 r--s 0001a000 08:01 14948040                   /home/oxid/.m2/repository/org/hdrhistogram/HdrHistogram/2.1.9/HdrHistogram-2.1.9.jar
7f4a64e5e000-7f4a64e60000 r--s 00011000 08:01 14948037                   /home/oxid/.m2/repository/com/netflix/archaius/archaius-core/0.4.1/archaius-core-0.4.1.jar
7f4a64e60000-7f4a64e6c000 r--s 00068000 08:01 14948032                   /home/oxid/.m2/repository/com/netflix/hystrix/hystrix-core/1.5.12/hystrix-core-1.5.12.jar
7f4a64e6c000-7f4a64e6e000 r--s 00006000 08:01 14948030                   /home/oxid/.m2/repository/com/google/code/findbugs/jsr305/2.0.2/jsr305-2.0.2.jar
7f4a64e6e000-7f4a64e70000 r--s 00007000 08:01 25823290                   /home/oxid/.m2/repository/com/github/rholder/guava-retrying/2.0.0/guava-retrying-2.0.0.jar
7f4a64e70000-7f4a64e72000 r--s 0000a000 08:01 25691960                   /home/oxid/.m2/repository/javax/ws/rs/jsr311-api/1.1.1/jsr311-api-1.1.1.jar
7f4a64e72000-7f4a64e7c000 r--s 00061000 08:01 14824606                   /home/oxid/.m2/repository/com/sun/jersey/jersey-core/1.19/jersey-core-1.19.jar
7f4a64e7c000-7f4a64e7f000 r--s 0001e000 08:01 14824604                   /home/oxid/.m2/repository/com/sun/jersey/jersey-client/1.19/jersey-client-1.19.jar
7f4a64e7f000-7f4a64e86000 r--s 0003a000 08:01 12587429                   /home/oxid/.m2/repository/commons-codec/commons-codec/1.9/commons-codec-1.9.jar
7f4a64e86000-7f4a64e88000 r--s 0000e000 08:01 12618781                   /home/oxid/.m2/repository/commons-logging/commons-logging/1.2/commons-logging-1.2.jar
7f4a64e88000-7f4a64e8f000 r--s 00049000 08:01 12587426                   /home/oxid/.m2/repository/org/apache/httpcomponents/httpcore/4.4.3/httpcore-4.4.3.jar
7f4a64e8f000-7f4a64e9c000 r--s 000a6000 08:01 12587395                   /home/oxid/.m2/repository/org/apache/httpcomponents/httpclient/4.5.1/httpclient-4.5.1.jar
7f4a64e9c000-7f4a64e9e000 r--s 00009000 08:01 17826934                   /home/oxid/.m2/repository/com/fasterxml/jackson/module/jackson-module-paranamer/2.9.2/jackson-module-paranamer-2.9.2.jar
7f4a64e9e000-7f4a64eea000 r--s 00411000 08:01 12329882                   /home/oxid/.m2/repository/org/scala-lang/scala-reflect/2.11.8/scala-reflect-2.11.8.jar
7f4a64eea000-7f4a64f43000 r--s 00522000 08:01 12329880                   /home/oxid/.m2/repository/org/scala-lang/scala-library/2.11.8/scala-library-2.11.8.jar
7f4a64f43000-7f4a64f50000 r--s 0006e000 08:01 17826932                   /home/oxid/.m2/repository/com/fasterxml/jackson/module/jackson-module-scala_2.11/2.9.2/jackson-module-scala_2.11-2.9.2.jar
7f4a64f50000-7f4a64f52000 r--s 0000e000 08:01 12329878                   /home/oxid/.m2/repository/org/sharegov/mjson/1.4.0/mjson-1.4.0.jar
7f4a64f52000-7f4a64f6b000 r--s 00100000 08:01 22678348                   /home/oxid/.m2/repository/io/reactivex/rxjava/1.3.2/rxjava-1.3.2.jar
7f4a64f6b000-7f4a64f6f000 r--s 0001c000 08:01 12330001                   /home/oxid/.m2/repository/org/apache/tinkerpop/tinkergraph-gremlin/3.3.3/tinkergraph-gremlin-3.3.3.jar
7f4a64f6f000-7f4a64f71000 r--s 0000a000 08:01 24124066                   /home/oxid/.m2/repository/net/objecthunter/exp4j/0.4.8/exp4j-0.4.8.jar
7f4a64f71000-7f4a64f73000 r--s 00015000 08:01 14427740                   /home/oxid/.m2/repository/com/squareup/javapoet/1.8.0/javapoet-1.8.0.jar
7f4a64f73000-7f4a64f75000 r--s 00008000 08:01 14427736                   /home/oxid/.m2/repository/com/jcabi/jcabi-log/0.14/jcabi-log-0.14.jar
7f4a64f75000-7f4a64f76000 r--s 00002000 08:01 14427734                   /home/oxid/.m2/repository/com/jcabi/jcabi-manifests/1.1/jcabi-manifests-1.1.jar
7f4a64f76000-7f4a64f8d000 r--s 00100000 08:01 14427729                   /home/oxid/.m2/repository/com/carrotsearch/hppc/0.7.1/hppc-0.7.1.jar
7f4a64f8d000-7f4a64f8e000 r--s 0000f000 08:01 12329446                   /home/oxid/.m2/repository/org/javatuples/javatuples/1.2/javatuples-1.2.jar
7f4a64f8e000-7f4a64f9b000 r--s 00083000 08:01 12329944                   /home/oxid/.m2/repository/commons-collections/commons-collections/3.2.2/commons-collections-3.2.2.jar
7f4a64f9b000-7f4a64fa2000 r--s 00052000 08:01 12329990                   /home/oxid/.m2/repository/commons-configuration/commons-configuration/1.10/commons-configuration-1.10.jar
7f4a64fa2000-7f4a64fc4000 r--s 001f3000 08:01 12329943                   /home/oxid/.m2/repository/org/apache/tinkerpop/gremlin-shaded/3.3.3/gremlin-shaded-3.3.3.jar
7f4a64fc4000-7f4a64fe9000 r--s 0017b000 08:01 12329931                   /home/oxid/.m2/repository/org/apache/tinkerpop/gremlin-core/3.3.3/gremlin-core-3.3.3.jar
7f4a64fe9000-7f4a64fea000 r--s 00000000 08:01 23992766                   /home/oxid/.m2/repository/org/codehaus/mojo/animal-sniffer-annotations/1.14/animal-sniffer-annotations-1.14.jar
7f4a64fea000-7f4a64fec000 r--s 00001000 08:01 23992765                   /home/oxid/.m2/repository/com/google/j2objc/j2objc-annotations/1.1/j2objc-annotations-1.1.jar
7f4a64fec000-7f4a64fed000 r--s 00002000 08:01 23599325                   /home/oxid/.m2/repository/com/google/errorprone/error_prone_annotations/2.0.18/error_prone_annotations-2.0.18.jar
7f4a64fed000-7f4a6501d000 r--s 0024f000 08:01 14553395                   /home/oxid/.m2/repository/com/google/guava/guava/23.0/guava-23.0.jar
7f4a6501d000-7f4a65021000 r--s 0001e000 08:01 12329876                   /home/oxid/.m2/repository/ai/grakn/grakn-core/1.4.2/grakn-core-1.4.2.jar
7f4a65021000-7f4a65023000 r--s 00005000 08:01 14824596                   /home/oxid/.m2/repository/org/abego/treelayout/org.abego.treelayout.core/1.0.1/org.abego.treelayout.core-1.0.1.jar
7f4a65023000-7f4a6502a000 r--s 00055000 08:01 25691958                   /home/oxid/.m2/repository/org/antlr/antlr4-runtime/4.5/antlr4-runtime-4.5.jar
7f4a6502a000-7f4a6502c000 r--s 00038000 08:01 24387964                   /home/oxid/.m2/repository/net/jpountz/lz4/lz4/1.3.0/lz4-1.3.0.jar
7f4a6502c000-7f4a65030000 r--s 0000c000 08:01 24387973                   /home/oxid/.m2/repository/javax/validation/validation-api/1.1.0.Final/validation-api-1.1.0.Final.jar
7f4a65030000-7f4a65033000 r--s 00016000 08:01 14683895                   /home/oxid/.m2/repository/com/netflix/astyanax/astyanax-recipes/3.8.0/astyanax-recipes-3.8.0.jar
7f4a65033000-7f4a65035000 r--s 00005000 08:01 14683920                   /home/oxid/.m2/repository/stax/stax-api/1.0.1/stax-api-1.0.1.jar
7f4a65035000-7f4a65037000 r--s 00010000 08:01 14683882                   /home/oxid/.m2/repository/org/codehaus/jettison/jettison/1.2/jettison-1.2.jar
7f4a65037000-7f4a6503c000 r--s 00031000 08:01 14683909                   /home/oxid/.m2/repository/com/netflix/astyanax/astyanax-cassandra/3.8.0/astyanax-cassandra-3.8.0.jar
7f4a6503c000-7f4a65041000 r--s 00036000 08:01 14683890                   /home/oxid/.m2/repository/com/netflix/astyanax/astyanax-thrift/3.8.0/astyanax-thrift-3.8.0.jar
7f4a65041000-7f4a65042000 r--s 00003000 08:01 14683916                   /home/oxid/.m2/repository/com/eaio/uuid/uuid/3.2/uuid-3.2.jar
7f4a65042000-7f4a65051000 r--s 00076000 08:01 12587246                   /home/oxid/.m2/repository/joda-time/joda-time/1.6.2/joda-time-1.6.2.jar
7f4a65051000-7f4a65058000 r--s 0002f000 08:01 14683900                   /home/oxid/.m2/repository/com/netflix/astyanax/astyanax-core/3.8.0/astyanax-core-3.8.0.jar
7f4a65058000-7f4a6505b000 r--s 00019000 08:01 12587397                   /home/oxid/.m2/repository/commons-pool/commons-pool/1.6/commons-pool-1.6.jar
7f4a6505b000-7f4a6505d000 r--s 00004000 08:01 25691956                   /home/oxid/.m2/repository/com/github/jbellis/jamm/0.3.0/jamm-0.3.0.jar
7f4a6505d000-7f4a65061000 r--s 000dc000 08:01 25691963                   /home/oxid/.m2/repository/net/java/dev/jna/jna/4.0.0/jna-4.0.0.jar
7f4a65061000-7f4a65082000 r--s 001b0000 08:01 12587420                   /home/oxid/.m2/repository/org/apache/cassandra/cassandra-thrift/2.1.20/cassandra-thrift-2.1.20.jar
7f4a65082000-7f4a65087000 r--s 00033000 08:01 12587422                   /home/oxid/.m2/repository/org/apache/thrift/libthrift/0.9.2/libthrift-0.9.2.jar
7f4a65087000-7f4a6508a000 r--s 00014000 08:01 25561334                   /home/oxid/.m2/repository/net/sf/supercsv/super-csv/2.1.0/super-csv-2.1.0.jar
7f4a6508a000-7f4a6508d000 r--s 0000e000 08:01 14683883                   /home/oxid/.m2/repository/com/lmax/disruptor/3.0.1/disruptor-3.0.1.jar
7f4a6508d000-7f4a6508f000 r--s 00008000 08:01 14683881                   /home/oxid/.m2/repository/com/thinkaurelius/thrift/thrift-server/0.3.7/thrift-server-0.3.7.jar
7f4a6508f000-7f4a65091000 r--s 0000d000 08:01 12587411                   /home/oxid/.m2/repository/org/jboss/logging/jboss-logging/3.1.0.CR2/jboss-logging-3.1.0.CR2.jar
7f4a65091000-7f4a6509d000 r--s 00069000 08:01 12587408                   /home/oxid/.m2/repository/org/hibernate/hibernate-validator/4.3.0.Final/hibernate-validator-4.3.0.Final.jar
7f4a6509d000-7f4a6509f000 r--s 00004000 08:01 14683878                   /home/oxid/.m2/repository/com/addthis/metrics/reporter-config/2.1.0/reporter-config-2.1.0.jar
7f4a6509f000-7f4a650a2000 r--s 00012000 08:01 14683877                   /home/oxid/.m2/repository/com/yammer/metrics/metrics-core/2.2.0/metrics-core-2.2.0.jar
7f4a650a2000-7f4a650a3000 r--s 00003000 08:01 14683908                   /home/oxid/.m2/repository/com/googlecode/json-simple/json-simple/1.1/json-simple-1.1.jar
7f4a650a3000-7f4a650a7000 r--s 00037000 08:01 24257433                   /home/oxid/.m2/repository/org/antlr/ST4/4.0.8/ST4-4.0.8.jar
7f4a650a7000-7f4a650b1000 r--s 00110000 08:01 23993884                   /home/oxid/.m2/repository/org/antlr/antlr/3.5.2/antlr-3.5.2.jar
7f4a650b1000-7f4a650b4000 r--s 0000b000 08:01 14683871                   /home/oxid/.m2/repository/com/googlecode/concurrentlinkedhashmap/concurrentlinkedhashmap-lru/1.3/concurrentlinkedhashmap-lru-1.3.jar
7f4a650b4000-7f4a650b5000 r--s 00008000 08:01 14427744                   /home/oxid/.m2/repository/commons-cli/commons-cli/1.1/commons-cli-1.1.jar
7f4a650b5000-7f4a650f4000 r--s 003ee000 08:01 12587402                   /home/oxid/.m2/repository/org/apache/cassandra/cassandra-all/2.1.20/cassandra-all-2.1.20.jar
7f4a650f4000-7f4a650f7000 r--s 0001a000 08:01 12587225                   /home/oxid/.m2/repository/org/janusgraph/janusgraph-cassandra/0.3.0/janusgraph-cassandra-0.3.0.jar
7f4a650f7000-7f4a650fc000 r--s 0004a000 08:01 23993885                   /home/oxid/.m2/repository/com/github/jnr/jnr-constants/0.9.0/jnr-constants-0.9.0.jar
7f4a650fc000-7f4a65101000 r--s 00031000 08:01 23993883                   /home/oxid/.m2/repository/com/github/jnr/jnr-posix/3.0.27/jnr-posix-3.0.27.jar
7f4a65101000-7f4a65104000 r--s 00033000 08:01 23993881                   /home/oxid/.m2/repository/com/github/jnr/jnr-x86asm/1.0.2/jnr-x86asm-1.0.2.jar
7f4a65104000-7f4a65105000 r--s 0000a000 08:01 25430160                   /home/oxid/.m2/repository/org/ow2/asm/asm-util/5.0.3/asm-util-5.0.3.jar
7f4a65105000-7f4a65107000 r--s 00006000 08:01 25298635                   /home/oxid/.m2/repository/org/ow2/asm/asm-tree/5.0.3/asm-tree-5.0.3.jar
7f4a65107000-7f4a65108000 r--s 00004000 08:01 25430158                   /home/oxid/.m2/repository/org/ow2/asm/asm-analysis/5.0.3/asm-analysis-5.0.3.jar
7f4a65108000-7f4a6510a000 r--s 00009000 08:01 25168819                   /home/oxid/.m2/repository/org/ow2/asm/asm-commons/5.0.3/asm-commons-5.0.3.jar
7f4a6510a000-7f4a6510b000 r--s 0000c000 08:01 24778140                   /home/oxid/.m2/repository/org/ow2/asm/asm/5.0.3/asm-5.0.3.jar
7f4a6510b000-7f4a6510d000 r--s 0006e000 08:01 23876478                   /home/oxid/.m2/repository/com/github/jnr/jffi/1.2.10/jffi-1.2.10-native.jar
7f4a6510d000-7f4a65111000 r--s 00021000 08:01 23876476                   /home/oxid/.m2/repository/com/github/jnr/jffi/1.2.10/jffi-1.2.10.jar
7f4a65111000-7f4a65121000 r--s 00091000 08:01 23876480                   /home/oxid/.m2/repository/com/github/jnr/jnr-ffi/2.0.7/jnr-ffi-2.0.7.jar
7f4a65121000-7f4a65135000 r--s 000fa000 08:01 14553391                   /home/oxid/.m2/repository/com/datastax/cassandra/cassandra-driver-core/3.3.2/cassandra-driver-core-3.3.2.jar
7f4a65135000-7f4a65137000 r--s 00004000 08:01 12587190                   /home/oxid/.m2/repository/org/openrdf/sesame/sesame-rio-turtle/2.7.10/sesame-rio-turtle-2.7.10.jar
7f4a65137000-7f4a65138000 r--s 00002000 08:01 12587219                   /home/oxid/.m2/repository/org/openrdf/sesame/sesame-rio-trix/2.7.10/sesame-rio-trix-2.7.10.jar
7f4a65138000-7f4a65139000 r--s 00001000 08:01 12587237                   /home/oxid/.m2/repository/org/openrdf/sesame/sesame-rio-trig/2.7.10/sesame-rio-trig-2.7.10.jar
7f4a65139000-7f4a6513b000 r--s 00012000 08:01 12587224                   /home/oxid/.m2/repository/org/openrdf/sesame/sesame-util/2.7.10/sesame-util-2.7.10.jar
7f4a6513b000-7f4a6513d000 r--s 00008000 08:01 12587210                   /home/oxid/.m2/repository/org/openrdf/sesame/sesame-rio-rdfxml/2.7.10/sesame-rio-rdfxml-2.7.10.jar
7f4a6513d000-7f4a6513e000 r--s 00003000 08:01 12587230                   /home/oxid/.m2/repository/org/openrdf/sesame/sesame-rio-ntriples/2.7.10/sesame-rio-ntriples-2.7.10.jar
7f4a6513e000-7f4a6513f000 r--s 00000000 08:01 12587218                   /home/oxid/.m2/repository/org/openrdf/sesame/sesame-rio-languages/2.7.10/sesame-rio-languages-2.7.10.jar
7f4a6513f000-7f4a65141000 r--s 00001000 08:01 12587229                   /home/oxid/.m2/repository/org/openrdf/sesame/sesame-rio-datatypes/2.7.10/sesame-rio-datatypes-2.7.10.jar
7f4a65141000-7f4a65144000 r--s 0000b000 08:01 12587214                   /home/oxid/.m2/repository/org/openrdf/sesame/sesame-rio-api/2.7.10/sesame-rio-api-2.7.10.jar
7f4a65144000-7f4a65147000 r--s 00025000 08:01 12587213                   /home/oxid/.m2/repository/org/openrdf/sesame/sesame-model/2.7.10/sesame-model-2.7.10.jar
7f4a65147000-7f4a65149000 r--s 00000000 08:01 12587212                   /home/oxid/.m2/repository/org/openrdf/sesame/sesame-rio-n3/2.7.10/sesame-rio-n3-2.7.10.jar
7f4a65149000-7f4a6514e000 r--s 00068000 08:01 12587401                   /home/oxid/.m2/repository/antlr/antlr/2.7.7/antlr-2.7.7.jar
7f4a6514e000-7f4a65151000 r--s 00027000 08:01 23876472                   /home/oxid/.m2/repository/org/antlr/stringtemplate/3.2/stringtemplate-3.2.jar
7f4a65151000-7f4a65155000 r--s 00022000 08:01 23876470                   /home/oxid/.m2/repository/org/antlr/antlr-runtime/3.2/antlr-runtime-3.2.jar
7f4a65155000-7f4a6515c000 r--s 00050000 08:01 12587396                   /home/oxid/.m2/repository/org/apache/httpcomponents/httpcore-nio/4.4.5/httpcore-nio-4.4.5.jar
7f4a6515c000-7f4a65160000 r--s 00028000 08:01 12587394                   /home/oxid/.m2/repository/org/apache/httpcomponents/httpasyncclient/4.1.2/httpasyncclient-4.1.2.jar
7f4a65160000-7f4a65162000 r--s 00008000 08:01 12587209                   /home/oxid/.m2/repository/org/elasticsearch/client/elasticsearch-rest-client/6.0.1/elasticsearch-rest-client-6.0.1.jar
7f4a65162000-7f4a65164000 r--s 00013000 08:01 12587204                   /home/oxid/.m2/repository/org/janusgraph/janusgraph-es/0.3.0/janusgraph-es-0.3.0.jar
7f4a65164000-7f4a65167000 r--s 00027000 08:01 12587202                   /home/oxid/.m2/repository/org/janusgraph/janusgraph-hbase/0.3.0/janusgraph-hbase-0.3.0.jar
7f4a65167000-7f4a65168000 r--s 00006000 08:01 12587200                   /home/oxid/.m2/repository/org/noggit/noggit/0.6/noggit-0.6.jar
7f4a65168000-7f4a6516a000 r--s 00016000 08:01 23876468                   /home/oxid/.m2/repository/com/github/stephenc/high-scale-lib/high-scale-lib/1.1.4/high-scale-lib-1.1.4.jar
7f4a6516a000-7f4a6516e000 r--s 00029000 08:01 23212087                   /home/oxid/.m2/repository/commons-io/commons-io/2.3/commons-io-2.3.jar
7f4a6516e000-7f4a6517d000 r--s 000b4000 08:01 12587199                   /home/oxid/.m2/repository/org/locationtech/jts/jts-core/1.15.0/jts-core-1.15.0.jar
7f4a6517d000-7f4a65182000 r--s 0002e000 08:01 12587196                   /home/oxid/.m2/repository/org/locationtech/spatial4j/spatial4j/0.7/spatial4j-0.7.jar
7f4a65182000-7f4a65187000 r--s 00048000 08:01 12587384                   /home/oxid/.m2/repository/dom4j/dom4j/1.6.1/dom4j-1.6.1.jar
7f4a65187000-7f4a65190000 r--s 00098000 08:01 12587194                   /home/oxid/.m2/repository/org/javassist/javassist/3.16.1-GA/javassist-3.16.1-GA.jar
7f4a65190000-7f4a65193000 r--s 0001b000 08:01 12587192                   /home/oxid/.m2/repository/org/reflections/reflections/0.9.9-RC1/reflections-0.9.9-RC1.jar
7f4a65193000-7f4a65194000 r--s 00002000 08:01 14553386                   /home/oxid/.m2/repository/com/codahale/metrics/metrics-graphite/3.0.1/metrics-graphite-3.0.1.jar
7f4a65194000-7f4a65196000 r--s 00009000 08:01 12587154                   /home/oxid/.m2/repository/info/ganglia/gmetric4j/gmetric4j/1.0.3/gmetric4j-1.0.3.jar
7f4a65196000-7f4a65198000 r--s 00001000 08:01 14553383                   /home/oxid/.m2/repository/com/codahale/metrics/metrics-ganglia/3.0.1/metrics-ganglia-3.0.1.jar
7f4a65198000-7f4a6519b000 r--s 00011000 08:01 12587382                   /home/oxid/.m2/repository/org/glassfish/javax.json/1.0/javax.json-1.0.jar
7f4a6519b000-7f4a651b7000 r--s 00166000 08:01 12587232                   /home/oxid/.m2/repository/org/janusgraph/janusgraph-core/0.3.0/janusgraph-core-0.3.0.jar
7f4a651b7000-7f4a651ba000 r--s 00017000 08:01 12587188                   /home/oxid/.m2/repository/org/janusgraph/janusgraph-hadoop/0.3.0/janusgraph-hadoop-0.3.0.jar
7f4a651ba000-7f4a651be000 r--s 00035000 08:01 12587186                   /home/oxid/.m2/repository/org/codehaus/jackson/jackson-core-asl/1.9.13/jackson-core-asl-1.9.13.jar
7f4a651be000-7f4a651cc000 r--s 000b1000 08:01 12587184                   /home/oxid/.m2/repository/org/codehaus/jackson/jackson-mapper-asl/1.9.13/jackson-mapper-asl-1.9.13.jar
7f4a651cc000-7f4a651ce000 r--s 00003000 08:01 12329985                   /home/oxid/.m2/repository/org/apache/hadoop/hadoop-annotations/2.7.2/hadoop-annotations-2.7.2.jar
7f4a651ce000-7f4a651d0000 r--s 00008000 08:01 12587378                   /home/oxid/.m2/repository/org/apache/hadoop/hadoop-mapreduce-client-jobclient/2.7.2/hadoop-mapreduce-client-jobclient-2.7.2.jar
7f4a651d0000-7f4a651d1000 r--s 00006000 08:01 12587180                   /home/oxid/.m2/repository/org/codehaus/jackson/jackson-xc/1.9.13/jackson-xc-1.9.13.jar
7f4a651d1000-7f4a651d2000 r--s 00004000 08:01 12587164                   /home/oxid/.m2/repository/org/codehaus/jackson/jackson-jaxrs/1.9.13/jackson-jaxrs-1.9.13.jar
7f4a651d2000-7f4a651d4000 r--s 0000e000 08:01 24124077                   /home/oxid/.m2/repository/javax/activation/activation/1.1/activation-1.1.jar
7f4a651d4000-7f4a651d6000 r--s 00004000 08:01 24124075                   /home/oxid/.m2/repository/javax/xml/stream/stax-api/1.0-2/stax-api-1.0-2.jar
7f4a651d6000-7f4a651d9000 r--s 00017000 08:01 24124064                   /home/oxid/.m2/repository/javax/xml/bind/jaxb-api/2.2.2/jaxb-api-2.2.2.jar
7f4a651d9000-7f4a651f0000 r--s 0017d000 08:01 12329986                   /home/oxid/.m2/repository/org/apache/hadoop/hadoop-yarn-common/2.7.2/hadoop-yarn-common-2.7.2.jar
7f4a651f0000-7f4a65208000 r--s 0015e000 08:01 12329975                   /home/oxid/.m2/repository/org/apache/hadoop/hadoop-mapreduce-client-core/2.7.2/hadoop-mapreduce-client-core-2.7.2.jar
7f4a65208000-7f4a65225000 r--s 001d0000 08:01 12329972                   /home/oxid/.m2/repository/org/apache/hadoop/hadoop-yarn-api/2.7.2/hadoop-yarn-api-2.7.2.jar
7f4a65225000-7f4a65226000 r--s 0000b000 08:01 12329983                   /home/oxid/.m2/repository/org/apache/hadoop/hadoop-mapreduce-client-shuffle/2.7.2/hadoop-mapreduce-client-shuffle-2.7.2.jar
7f4a65226000-7f4a6522d000 r--s 00052000 08:01 12329993                   /home/oxid/.m2/repository/org/apache/hadoop/hadoop-yarn-server-common/2.7.2/hadoop-yarn-server-common-2.7.2.jar
7f4a6522d000-7f4a65230000 r--s 00020000 08:01 12329981                   /home/oxid/.m2/repository/org/apache/hadoop/hadoop-yarn-client/2.7.2/hadoop-yarn-client-2.7.2.jar
7f4a65230000-7f4a6523d000 r--s 000ab000 08:01 12329959                   /home/oxid/.m2/repository/org/apache/hadoop/hadoop-mapreduce-client-common/2.7.2/hadoop-mapreduce-client-common-2.7.2.jar
7f4a6523d000-7f4a65247000 r--s 00075000 08:01 12329977                   /home/oxid/.m2/repository/org/apache/hadoop/hadoop-mapreduce-client-app/2.7.2/hadoop-mapreduce-client-app-2.7.2.jar
7f4a65247000-7f4a6524f000 r--s 00028000 08:01 12329971                   /home/oxid/.m2/repository/xml-apis/xml-apis/1.3.04/xml-apis-1.3.04.jar
7f4a6524f000-7f4a65267000 r--s 00115000 08:01 12329940                   /home/oxid/.m2/repository/xerces/xercesImpl/2.9.1/xercesImpl-2.9.1.jar
7f4a65267000-7f4a652d1000 r--s 00779000 08:01 12329957                   /home/oxid/.m2/repository/org/apache/hadoop/hadoop-hdfs/2.7.2/hadoop-hdfs-2.7.2.jar
7f4a652d1000-7f4a652dd000 r--s 000b6000 08:01 12329989                   /home/oxid/.m2/repository/org/apache/zookeeper/zookeeper/3.4.6/zookeeper-3.4.6.jar
7f4a652dd000-7f4a652f6000 r--s 00150000 08:01 12329974                   /home/oxid/.m2/repository/org/apache/htrace/htrace-core/3.1.0-incubating/htrace-core-3.1.0-incubating.jar
7f4a652f6000-7f4a652fe000 r--s 0003b000 08:01 12329952                   /home/oxid/.m2/repository/org/apache/curator/curator-recipes/2.7.1/curator-recipes-2.7.1.jar
7f4a652fe000-7f4a65300000 r--s 0000f000 08:01 12329963                   /home/oxid/.m2/repository/org/apache/curator/curator-client/2.7.1/curator-client-2.7.1.jar
7f4a65300000-7f4a65306000 r--s 00028000 08:01 12329965                   /home/oxid/.m2/repository/org/apache/curator/curator-framework/2.7.1/curator-framework-2.7.1.jar
7f4a65306000-7f4a65308000 r--s 00012000 08:01 12329955                   /home/oxid/.m2/repository/org/apache/directory/api/api-util/1.0.0-M20/api-util-1.0.0-M20.jar
7f4a65308000-7f4a6530a000 r--s 00003000 08:01 12329953                   /home/oxid/.m2/repository/org/apache/directory/api/api-asn1-api/1.0.0-M20/api-asn1-api-1.0.0-M20.jar
7f4a6530a000-7f4a6530b000 r--s 0000a000 08:01 12329951                   /home/oxid/.m2/repository/org/apache/directory/server/apacheds-i18n/2.0.0-M15/apacheds-i18n-2.0.0-M15.jar
7f4a6530b000-7f4a6531d000 r--s 00097000 08:01 12329949                   /home/oxid/.m2/repository/org/apache/directory/server/apacheds-kerberos-codec/2.0.0-M15/apacheds-kerberos-codec-2.0.0-M15.jar
7f4a6531d000-7f4a65320000 r--s 0000f000 08:01 12329947                   /home/oxid/.m2/repository/org/apache/hadoop/hadoop-auth/2.7.2/hadoop-auth-2.7.2.jar
7f4a65320000-7f4a65323000 r--s 00016000 08:01 24124073                   /home/oxid/.m2/repository/javax/servlet/jsp/jsp-api/2.1/jsp-api-2.1.jar
7f4a65323000-7f4a65329000 r--s 00045000 08:01 12329941                   /home/oxid/.m2/repository/commons-httpclient/commons-httpclient/3.1/commons-httpclient-3.1.jar
7f4a65329000-7f4a6532a000 r--s 00003000 08:01 12329962                   /home/oxid/.m2/repository/xmlenc/xmlenc/0.52/xmlenc-0.52.jar
7f4a6532a000-7f4a65360000 r--s 00313000 08:01 12329937                   /home/oxid/.m2/repository/org/apache/hadoop/hadoop-common/2.7.2/hadoop-common-2.7.2.jar
7f4a65360000-7f4a65361000 r--s 00000000 08:01 12329935                   /home/oxid/.m2/repository/org/apache/hadoop/hadoop-client/2.7.2/hadoop-client-2.7.2.jar
7f4a65361000-7f4a65378000 r--s 000d6000 08:01 23735280                   /home/oxid/.m2/repository/com/github/ben-manes/caffeine/caffeine/2.3.1/caffeine-2.3.1.jar
7f4a65378000-7f4a65379000 r--s 00004000 08:01 12329874                   /home/oxid/.m2/repository/org/mindrot/jbcrypt/0.4/jbcrypt-0.4.jar
7f4a65379000-7f4a6537b000 r--s 00004000 08:01 12587178                   /home/oxid/.m2/repository/org/codehaus/groovy/groovy-jsr223/2.4.15/groovy-jsr223-2.4.15-indy.jar
7f4a6537b000-7f4a6537e000 r--s 0001d000 08:01 12587174                   /home/oxid/.m2/repository/org/codehaus/groovy/groovy-json/2.4.15/groovy-json-2.4.15-indy.jar
7f4a6537e000-7f4a65382000 r--s 00031000 08:01 12329450                   /home/oxid/.m2/repository/jline/jline/2.12/jline-2.12.jar
7f4a65382000-7f4a65386000 r--s 00031000 08:01 12587172                   /home/oxid/.m2/repository/org/codehaus/groovy/groovy-xml/2.4.15/groovy-xml-2.4.15.jar
7f4a65386000-7f4a65389000 r--s 00016000 08:01 12587170                   /home/oxid/.m2/repository/org/codehaus/groovy/groovy-templates/2.4.15/groovy-templates-2.4.15.jar
7f4a65389000-7f4a6538f000 r--s 00051000 08:01 12587168                   /home/oxid/.m2/repository/org/codehaus/groovy/groovy-swing/2.4.15/groovy-swing-2.4.15.jar
7f4a6538f000-7f4a6539a000 r--s 00094000 08:01 12587166                   /home/oxid/.m2/repository/org/codehaus/groovy/groovy-console/2.4.15/groovy-console-2.4.15.jar
7f4a6539a000-7f4a653e7000 r--s 0042b000 08:01 12587176                   /home/oxid/.m2/repository/org/codehaus/groovy/groovy/2.4.15/groovy-2.4.15.jar
7f4a653e7000-7f4a653ef000 r--s 0005a000 08:01 12587160                   /home/oxid/.m2/repository/org/codehaus/groovy/groovy-groovysh/2.4.15/groovy-groovysh-2.4.15-indy.jar
7f4a653ef000-7f4a6543c000 r--s 00423000 08:01 12587158                   /home/oxid/.m2/repository/org/codehaus/groovy/groovy/2.4.15/groovy-2.4.15-indy.jar
7f4a6543c000-7f4a65451000 r--s 00116000 08:01 12329934                   /home/oxid/.m2/repository/org/apache/ivy/ivy/2.3.0/ivy-2.3.0.jar
7f4a65451000-7f4a65456000 r--s 0002f000 08:01 12329997                   /home/oxid/.m2/repository/org/apache/tinkerpop/gremlin-groovy/3.3.3/gremlin-groovy-3.3.3.jar
7f4a65456000-7f4a6545a000 r--s 0001c000 08:01 12329925                   /home/oxid/.m2/repository/org/apache/tinkerpop/hadoop-gremlin/3.3.3/hadoop-gremlin-3.3.3.jar
7f4a6545a000-7f4a6545d000 r--s 0008f000 08:01 12587175                   /home/oxid/.m2/repository/org/xerial/snappy/snappy-java/1.1.1.7/snappy-java-1.1.1.7.jar
7f4a6545d000-7f4a6545f000 r--s 00007000 08:01 25561330                   /home/oxid/.m2/repository/com/thoughtworks/paranamer/paranamer/2.6/paranamer-2.6.jar
7f4a6545f000-7f4a65464000 r--s 00041000 08:01 16125217                   /home/oxid/.m2/repository/commons-lang/commons-lang/2.6/commons-lang-2.6.jar
7f4a65464000-7f4a6546e000 r--s 0009a000 08:01 12587149                   /home/oxid/.m2/repository/org/scala-lang/modules/scala-xml_2.11/1.0.5/scala-xml_2.11-1.0.5.jar
7f4a6546e000-7f4a6546f000 r--s 00000000 08:01 12587142                   /home/oxid/.m2/repository/org/spark-project/spark/unused/1.0.0/unused-1.0.0.jar
7f4a6546f000-7f4a65471000 r--s 0001f000 08:01 12587337                   /home/oxid/.m2/repository/org/apache/commons/commons-crypto/1.0.0/commons-crypto-1.0.0.jar
7f4a65471000-7f4a65472000 r--s 00003000 08:01 12587370                   /home/oxid/.m2/repository/org/apache/spark/spark-tags_2.11/2.2.0/spark-tags_2.11-2.2.0.jar
7f4a65472000-7f4a65475000 r--s 0001a000 08:01 25168816                   /home/oxid/.m2/repository/net/sf/py4j/py4j/0.10.4/py4j-0.10.4.jar
7f4a65475000-7f4a65478000 r--s 00015000 08:01 24906458                   /home/oxid/.m2/repository/net/razorvine/pyrolite/4.13/pyrolite-4.13.jar
7f4a65478000-7f4a6547a000 r--s 0000e000 08:01 12587361                   /home/oxid/.m2/repository/oro/oro/2.0.8/oro-2.0.8.jar
7f4a6547a000-7f4a6547c000 r--s 00004000 08:01 23735283                   /home/oxid/.m2/repository/io/dropwizard/metrics/metrics-graphite/3.1.2/metrics-graphite-3.1.2.jar
7f4a6547c000-7f4a6547d000 r--s 00003000 08:01 23735279                   /home/oxid/.m2/repository/io/dropwizard/metrics/metrics-json/3.1.2/metrics-json-3.1.2.jar
7f4a6547d000-7f4a6547f000 r--s 00008000 08:01 23735281                   /home/oxid/.m2/repository/io/dropwizard/metrics/metrics-jvm/3.1.2/metrics-jvm-3.1.2.jar
7f4a6547f000-7f4a65482000 r--s 00028000 08:01 14553376                   /home/oxid/.m2/repository/com/clearspring/analytics/stream/2.7.0/stream-2.7.0.jar
7f4a65482000-7f4a65485000 r--s 0000e000 08:01 12587342                   /home/oxid/.m2/repository/org/glassfish/jersey/containers/jersey-container-servlet-core/2.22.2/jersey-container-servlet-core-2.22.2.jar
7f4a65485000-7f4a65487000 r--s 00003000 08:01 12587356                   /home/oxid/.m2/repository/org/glassfish/jersey/containers/jersey-container-servlet/2.22.2/jersey-container-servlet-2.22.2.jar
7f4a65487000-7f4a65489000 r--s 00010000 08:01 12587341                   /home/oxid/.m2/repository/org/glassfish/jersey/media/jersey-media-jaxb/2.22.2/jersey-media-jaxb-2.22.2.jar
7f4a65489000-7f4a6549f000 r--s 000d3000 08:01 12587372                   /home/oxid/.m2/repository/org/glassfish/jersey/core/jersey-server/2.22.2/jersey-server-2.22.2.jar
7f4a6549f000-7f4a654a0000 r--s 00004000 08:01 12587351                   /home/oxid/.m2/repository/org/glassfish/hk2/osgi-resource-locator/1.0.1/osgi-resource-locator-1.0.1.jar
7f4a654a0000-7f4a654b8000 r--s 000d6000 08:01 12587345                   /home/oxid/.m2/repository/org/glassfish/jersey/bundles/repackaged/jersey-guava/2.22.2/jersey-guava-2.22.2.jar
7f4a654b8000-7f4a654ba000 r--s 00005000 08:01 24387969                   /home/oxid/.m2/repository/javax/annotation/javax.annotation-api/1.2/javax.annotation-api-1.2.jar
7f4a654ba000-7f4a654c8000 r--s 0009d000 08:01 12587359                   /home/oxid/.m2/repository/org/glassfish/jersey/core/jersey-common/2.22.2/jersey-common-2.22.2.jar
7f4a654c8000-7f4a654cc000 r--s 00029000 08:01 12587348                   /home/oxid/.m2/repository/org/glassfish/hk2/hk2-locator/2.4.0-b34/hk2-locator-2.4.0-b34.jar
7f4a654cc000-7f4a654cd000 r--s 00001000 08:01 12587354                   /home/oxid/.m2/repository/org/glassfish/hk2/external/javax.inject/2.4.0-b34/javax.inject-2.4.0-b34.jar
7f4a654cd000-7f4a654cf000 r--s 00002000 08:01 12587353                   /home/oxid/.m2/repository/org/glassfish/hk2/external/aopalliance-repackaged/2.4.0-b34/aopalliance-repackaged-2.4.0-b34.jar
7f4a654cf000-7f4a654d3000 r--s 0001a000 08:01 12587352                   /home/oxid/.m2/repository/org/glassfish/hk2/hk2-utils/2.4.0-b34/hk2-utils-2.4.0-b34.jar
7f4a654d3000-7f4a654d8000 r--s 00027000 08:01 12587344                   /home/oxid/.m2/repository/org/glassfish/hk2/hk2-api/2.4.0-b34/hk2-api-2.4.0-b34.jar
7f4a654d8000-7f4a654dc000 r--s 00019000 08:01 24387967                   /home/oxid/.m2/repository/javax/ws/rs/javax.ws.rs-api/2.0.1/javax.ws.rs-api-2.0.1.jar
7f4a654dc000-7f4a654e0000 r--s 00025000 08:01 12587357                   /home/oxid/.m2/repository/org/glassfish/jersey/core/jersey-client/2.22.2/jersey-client-2.22.2.jar
7f4a654e0000-7f4a654f2000 r--s 000ab000 08:01 12587153                   /home/oxid/.m2/repository/org/scala-lang/scalap/2.11.0/scalap-2.11.0.jar
7f4a654f2000-7f4a654f5000 r--s 00012000 08:01 12587151                   /home/oxid/.m2/repository/org/json4s/json4s-ast_2.11/3.2.11/json4s-ast_2.11-3.2.11.jar
7f4a654f5000-7f4a654ff000 r--s 00086000 08:01 12587150                   /home/oxid/.m2/repository/org/json4s/json4s-core_2.11/3.2.11/json4s-core_2.11-3.2.11.jar
7f4a654ff000-7f4a65503000 r--s 00030000 08:01 12587340                   /home/oxid/.m2/repository/commons-net/commons-net/2.2/commons-net-2.2.jar
7f4a65503000-7f4a65506000 r--s 0002f000 08:01 12587144                   /home/oxid/.m2/repository/org/roaringbitmap/RoaringBitmap/0.5.11/RoaringBitmap-0.5.11.jar
7f4a65506000-7f4a65508000 r--s 00012000 08:01 14553377                   /home/oxid/.m2/repository/com/ning/compress-lzf/1.0.3/compress-lzf-1.0.3.jar
7f4a65508000-7f4a6552c000 r--s 001cd000 08:01 12587338                   /home/oxid/.m2/repository/org/apache/commons/commons-math3/3.4.1/commons-math3-3.4.1.jar
7f4a6552c000-7f4a6556c000 r--s 00277000 08:01 12587141                   /home/oxid/.m2/repository/org/bouncycastle/bcprov-jdk15on/1.51/bcprov-jdk15on-1.51.jar
7f4a6556c000-7f4a65574000 r--s 00078000 08:01 24257436                   /home/oxid/.m2/repository/javax/mail/mail/1.4.7/mail-1.4.7.jar
7f4a65574000-7f4a6557b000 r--s 0005d000 08:01 12587334                   /home/oxid/.m2/repository/mx4j/mx4j/3.0.2/mx4j-3.0.2.jar
7f4a6557b000-7f4a65596000 r--s 001d8000 08:01 24257429                   /home/oxid/.m2/repository/net/java/dev/jets3t/jets3t/0.9.3/jets3t-0.9.3.jar
7f4a65596000-7f4a65677000 r--s 00b03000 08:01 12587312                   /home/oxid/.m2/repository/org/apache/spark/spark-core_2.11/2.2.0/spark-core_2.11-2.2.0.jar
7f4a65677000-7f4a6567a000 ---p 00000000 00:00 0 
7f4a6567a000-7f4a65778000 rw-p 00000000 00:00 0 
7f4a65778000-7f4a66147000 r--p 00000000 08:01 1317380                    /usr/lib/locale/locale-archive
7f4a66147000-7f4a6614a000 ---p 00000000 00:00 0 
7f4a6614a000-7f4a66248000 rw-p 00000000 00:00 0 
7f4a66248000-7f4a6624b000 ---p 00000000 00:00 0 
7f4a6624b000-7f4a66349000 rw-p 00000000 00:00 0 
7f4a66349000-7f4a6634a000 ---p 00000000 00:00 0 
7f4a6634a000-7f4a67258000 rw-p 00000000 00:00 0 
7f4a67258000-7f4a67427000 r--s 03c33000 08:01 3021952                    /usr/lib/jvm/java-8-openjdk-amd64/jre/lib/rt.jar
7f4a67427000-7f4a68000000 rw-p 00000000 00:00 0 
7f4a68000000-7f4a68021000 rw-p 00000000 00:00 0 
7f4a68021000-7f4a6c000000 ---p 00000000 00:00 0 
7f4a6c000000-7f4a6c001000 r--s 00009000 08:01 12587146                   /home/oxid/.m2/repository/org/json4s/json4s-jackson_2.11/3.2.11/json4s-jackson_2.11-3.2.11.jar
7f4a6c001000-7f4a6c003000 r--s 00000000 08:01 14553375                   /home/oxid/.m2/repository/org/slf4j/jul-to-slf4j/1.7.16/jul-to-slf4j-1.7.16.jar
7f4a6c003000-7f4a6c005000 r--s 00003000 08:01 24257431                   /home/oxid/.m2/repository/net/iharder/base64/2.3.8/base64-2.3.8.jar
7f4a6c005000-7f4a6c006000 r--s 00002000 08:01 14553373                   /home/oxid/.m2/repository/com/jamesmurty/utils/java-xmlbuilder/1.0/java-xmlbuilder-1.0.jar
7f4a6c006000-7f4a6c008000 r--s 0000a000 08:01 12587332                   /home/oxid/.m2/repository/org/apache/spark/spark-unsafe_2.11/2.2.0/spark-unsafe_2.11-2.2.0.jar
7f4a6c008000-7f4a6c00b000 r--s 0000d000 08:01 12587328                   /home/oxid/.m2/repository/org/apache/spark/spark-network-shuffle_2.11/2.2.0/spark-network-shuffle_2.11-2.2.0.jar
7f4a6c00b000-7f4a6c00e000 r--s 000fd000 08:01 12329995                   /home/oxid/.m2/repository/org/fusesource/leveldbjni/leveldbjni-all/1.8/leveldbjni-all-1.8.jar
7f4a6c00e000-7f4a6c03c000 r--s 00216000 08:01 12587330                   /home/oxid/.m2/repository/org/apache/spark/spark-network-common_2.11/2.2.0/spark-network-common_2.11-2.2.0.jar
7f4a6c03c000-7f4a6c03e000 r--s 0000f000 08:01 12587326                   /home/oxid/.m2/repository/org/apache/spark/spark-launcher_2.11/2.2.0/spark-launcher_2.11-2.2.0.jar
7f4a6c03e000-7f4a6c041000 r--s 00021000 08:01 15994562                   /home/oxid/.m2/repository/org/apache/xbean/xbean-asm5-shaded/4.4/xbean-asm5-shaded-4.4.jar
7f4a6c041000-7f4a6c043000 r--s 0000b000 08:01 14427726                   /home/oxid/.m2/repository/com/twitter/chill-java/0.8.0/chill-java-0.8.0.jar
7f4a6c043000-7f4a6c045000 r--s 00009000 08:01 12587138                   /home/oxid/.m2/repository/org/objenesis/objenesis/2.1/objenesis-2.1.jar
7f4a6c045000-7f4a6c04c000 r--s 00051000 08:01 23735275                   /home/oxid/.m2/repository/com/esotericsoftware/kryo-shaded/3.0.3/kryo-shaded-3.0.3.jar
7f4a6c04c000-7f4a6c051000 r--s 00032000 08:01 14427724                   /home/oxid/.m2/repository/com/twitter/chill_2.11/0.8.0/chill_2.11-0.8.0.jar
7f4a6c051000-7f4a6c058000 r--s 0004e000 08:01 12587322                   /home/oxid/.m2/repository/org/apache/avro/avro-ipc/1.7.7/avro-ipc-1.7.7-tests.jar
7f4a6c058000-7f4a6c05c000 r--s 0002c000 08:01 12587321                   /home/oxid/.m2/repository/org/apache/avro/avro-ipc/1.7.7/avro-ipc-1.7.7.jar
7f4a6c05c000-7f4a6c061000 r--s 00028000 08:01 12587318                   /home/oxid/.m2/repository/org/apache/avro/avro-mapred/1.7.7/avro-mapred-1.7.7-hadoop2.jar
7f4a6c061000-7f4a6c065000 r--s 00014000 08:01 12329443                   /home/oxid/.m2/repository/org/tukaani/xz/1.0/xz-1.0.jar
7f4a6c065000-7f4a6c06a000 r--s 00036000 08:01 12587317                   /home/oxid/.m2/repository/org/apache/commons/commons-compress/1.4.1/commons-compress-1.4.1.jar
7f4a6c06a000-7f4a6c073000 r--s 00062000 08:01 12587324                   /home/oxid/.m2/repository/org/apache/avro/avro/1.7.7/avro-1.7.7.jar
7f4a6c073000-7f4a6c077000 r--s 0001d000 08:01 12329929                   /home/oxid/.m2/repository/org/apache/tinkerpop/spark-gremlin/3.3.3/spark-gremlin-3.3.3.jar
7f4a6c077000-7f4a6c079000 r--s 00029000 08:01 12329444                   /home/oxid/.m2/repository/ai/grakn/grakn-kb/1.4.2/grakn-kb-1.4.2.jar
7f4a6c079000-7f4a6c089000 r--s 000e6000 08:01 12329440                   /home/oxid/.m2/repository/ai/grakn/grakn-graql/1.4.2/grakn-graql-1.4.2.jar
7f4a6c089000-7f4a6c0a6000 r--s 0023d000 08:01 12329438                   /home/oxid/.m2/repository/ai/grakn/client-java/1.4.2/client-java-1.4.2.jar
7f4a6c0a6000-7f4a6c0ae000 r--s 00073000 08:01 16125209                   /home/oxid/.m2/repository/org/apache/commons/commons-lang3/3.8.1/commons-lang3-3.8.1.jar
7f4a6c0ae000-7f4a6c0c1000 r--s 00137000 08:01 15207991                   /home/oxid/.m2/repository/com/fasterxml/jackson/core/jackson-databind/2.9.7/jackson-databind-2.9.7.jar
7f4a6c0c1000-7f4a6ffc8000 rw-p 00000000 00:00 0 
7f4a6ffc8000-7f4a6ffc9000 ---p 00000000 00:00 0 
7f4a6ffc9000-7f4a700c9000 rw-p 00000000 00:00 0 
7f4a700c9000-7f4a700ca000 ---p 00000000 00:00 0 
7f4a700ca000-7f4a701ca000 rw-p 00000000 00:00 0 
7f4a701ca000-7f4a701cb000 ---p 00000000 00:00 0 
7f4a701cb000-7f4a702cb000 rw-p 00000000 00:00 0 
7f4a702cb000-7f4a702cc000 ---p 00000000 00:00 0 
7f4a702cc000-7f4a703e4000 rw-p 00000000 00:00 0 
7f4a703e4000-7f4a7065d000 ---p 00000000 00:00 0 
7f4a7065d000-7f4a70675000 rw-p 00000000 00:00 0 
7f4a70675000-7f4a708ed000 ---p 00000000 00:00 0 
7f4a708ed000-7f4a70967000 rw-p 00000000 00:00 0 
7f4a70967000-7f4a70a36000 ---p 00000000 00:00 0 
7f4a70a36000-7f4a70a78000 rw-p 00000000 00:00 0 
7f4a70a78000-7f4a70df7000 ---p 00000000 00:00 0 
7f4a70df7000-7f4a71e37000 rwxp 00000000 00:00 0 
7f4a71e37000-7f4a7fdf7000 ---p 00000000 00:00 0 
7f4a7fdf7000-7f4a7fdff000 r-xp 00000000 08:01 3018551                    /usr/lib/jvm/java-8-openjdk-amd64/jre/lib/amd64/libzip.so
7f4a7fdff000-7f4a7fffe000 ---p 00008000 08:01 3018551                    /usr/lib/jvm/java-8-openjdk-amd64/jre/lib/amd64/libzip.so
7f4a7fffe000-7f4a7ffff000 r--p 00007000 08:01 3018551                    /usr/lib/jvm/java-8-openjdk-amd64/jre/lib/amd64/libzip.so
7f4a7ffff000-7f4a80000000 rw-p 00008000 08:01 3018551                    /usr/lib/jvm/java-8-openjdk-amd64/jre/lib/amd64/libzip.so
7f4a80000000-7f4a814bf000 rw-p 00000000 00:00 0 
7f4a814bf000-7f4a84000000 ---p 00000000 00:00 0 
7f4a84000000-7f4a84001000 r--s 00001000 08:01 23735277                   /home/oxid/.m2/repository/com/esotericsoftware/minlog/1.3.0/minlog-1.3.0.jar
7f4a84001000-7f4a84006000 r--s 0002c000 08:01 12587310                   /home/oxid/.m2/repository/org/apache/commons/commons-text/1.6/commons-text-1.6.jar
7f4a84006000-7f4a84009000 r--s 0000e000 08:01 19007731                   /home/oxid/.m2/repository/com/fasterxml/jackson/core/jackson-annotations/2.9.0/jackson-annotations-2.9.0.jar
7f4a84009000-7f4a8400d000 r--s 0004c000 08:01 18091903                   /home/oxid/.m2/repository/com/fasterxml/jackson/core/jackson-core/2.9.7/jackson-core-2.9.7.jar
7f4a8400d000-7f4a84013000 r--s 0003d000 08:01 23726919                   /home/oxid/.m2/repository/org/yaml/snakeyaml/1.17/snakeyaml-1.17.jar
7f4a84013000-7f4a84015000 r--s 00009000 08:01 19006277                   /home/oxid/.m2/repository/org/slf4j/slf4j-api/1.7.21/slf4j-api-1.7.21.jar
7f4a84015000-7f4a84018000 r--s 0000c000 08:01 23726916                   /home/oxid/.m2/repository/com/github/drapostolos/type-parser/0.5.0/type-parser-0.5.0.jar
7f4a84018000-7f4a8401c000 r--s 00018000 08:01 23598732                   /home/oxid/.m2/repository/io/dropwizard/metrics/metrics-core/3.1.2/metrics-core-3.1.2.jar
7f4a8401c000-7f4a8401e000 r--s 0000b000 08:01 23335366                   /home/oxid/.m2/repository/org/json/json/20160212/json-20160212.jar
7f4a8401e000-7f4a84020000 r--s 00009000 08:01 23072107                   /home/oxid/.m2/repository/org/cfg4j/cfg4j-core/4.4.1/cfg4j-core-4.4.1.jar
7f4a84020000-7f4a84033000 r--s 00346000 08:01 3021951                    /usr/lib/jvm/java-8-openjdk-amd64/jre/lib/resources.jar
7f4a84033000-7f4a84038000 r--s 000a0000 08:01 3019398                    /usr/lib/jvm/java-8-openjdk-amd64/jre/lib/jsse.jar
7f4a84038000-7f4a8403d000 r--s 002f9000 08:01 3018949                    /usr/lib/jvm/java-8-openjdk-amd64/jre/lib/charsets.jar
7f4a8403d000-7f4a84058000 r--s 001d6000 08:01 3019381                    /usr/lib/jvm/java-8-openjdk-amd64/jre/lib/ext/nashorn.jar
7f4a84058000-7f4a84073000 r--s 00394000 08:01 3019091                    /usr/lib/jvm/java-8-openjdk-amd64/jre/lib/ext/cldrdata.jar
7f4a84073000-7f4a8407e000 r-xp 00000000 08:01 29364900                   /lib/x86_64-linux-gnu/libnss_files-2.27.so
7f4a8407e000-7f4a8427d000 ---p 0000b000 08:01 29364900                   /lib/x86_64-linux-gnu/libnss_files-2.27.so
7f4a8427d000-7f4a8427e000 r--p 0000a000 08:01 29364900                   /lib/x86_64-linux-gnu/libnss_files-2.27.so
7f4a8427e000-7f4a8427f000 rw-p 0000b000 08:01 29364900                   /lib/x86_64-linux-gnu/libnss_files-2.27.so
7f4a8427f000-7f4a84285000 rw-p 00000000 00:00 0 
7f4a84285000-7f4a8429c000 r-xp 00000000 08:01 29364894                   /lib/x86_64-linux-gnu/libnsl-2.27.so
7f4a8429c000-7f4a8449b000 ---p 00017000 08:01 29364894                   /lib/x86_64-linux-gnu/libnsl-2.27.so
7f4a8449b000-7f4a8449c000 r--p 00016000 08:01 29364894                   /lib/x86_64-linux-gnu/libnsl-2.27.so
7f4a8449c000-7f4a8449d000 rw-p 00017000 08:01 29364894                   /lib/x86_64-linux-gnu/libnsl-2.27.so
7f4a8449d000-7f4a8449f000 rw-p 00000000 00:00 0 
7f4a8449f000-7f4a844aa000 r-xp 00000000 08:01 29364911                   /lib/x86_64-linux-gnu/libnss_nis-2.27.so
7f4a844aa000-7f4a846a9000 ---p 0000b000 08:01 29364911                   /lib/x86_64-linux-gnu/libnss_nis-2.27.so
7f4a846a9000-7f4a846aa000 r--p 0000a000 08:01 29364911                   /lib/x86_64-linux-gnu/libnss_nis-2.27.so
7f4a846aa000-7f4a846ab000 rw-p 0000b000 08:01 29364911                   /lib/x86_64-linux-gnu/libnss_nis-2.27.so
7f4a846ab000-7f4a846b3000 r-xp 00000000 08:01 29364896                   /lib/x86_64-linux-gnu/libnss_compat-2.27.so
7f4a846b3000-7f4a848b3000 ---p 00008000 08:01 29364896                   /lib/x86_64-linux-gnu/libnss_compat-2.27.so
7f4a848b3000-7f4a848b4000 r--p 00008000 08:01 29364896                   /lib/x86_64-linux-gnu/libnss_compat-2.27.so
7f4a848b4000-7f4a848b5000 rw-p 00009000 08:01 29364896                   /lib/x86_64-linux-gnu/libnss_compat-2.27.so
7f4a848b5000-7f4a848bf000 r-xp 00000000 08:01 3018349                    /usr/lib/jvm/java-8-openjdk-amd64/jre/lib/amd64/libinstrument.so
7f4a848bf000-7f4a84abe000 ---p 0000a000 08:01 3018349                    /usr/lib/jvm/java-8-openjdk-amd64/jre/lib/amd64/libinstrument.so
7f4a84abe000-7f4a84abf000 r--p 00009000 08:01 3018349                    /usr/lib/jvm/java-8-openjdk-amd64/jre/lib/amd64/libinstrument.so
7f4a84abf000-7f4a84ac0000 rw-p 0000a000 08:01 3018349                    /usr/lib/jvm/java-8-openjdk-amd64/jre/lib/amd64/libinstrument.so
7f4a84ac0000-7f4a84aee000 r-xp 00000000 08:01 3018354                    /usr/lib/jvm/java-8-openjdk-amd64/jre/lib/amd64/libjava.so
7f4a84aee000-7f4a84ced000 ---p 0002e000 08:01 3018354                    /usr/lib/jvm/java-8-openjdk-amd64/jre/lib/amd64/libjava.so
7f4a84ced000-7f4a84cee000 r--p 0002d000 08:01 3018354                    /usr/lib/jvm/java-8-openjdk-amd64/jre/lib/amd64/libjava.so
7f4a84cee000-7f4a84cf0000 rw-p 0002e000 08:01 3018354                    /usr/lib/jvm/java-8-openjdk-amd64/jre/lib/amd64/libjava.so
7f4a84cf0000-7f4a84d00000 r-xp 00000000 08:01 3018550                    /usr/lib/jvm/java-8-openjdk-amd64/jre/lib/amd64/libverify.so
7f4a84d00000-7f4a84eff000 ---p 00010000 08:01 3018550                    /usr/lib/jvm/java-8-openjdk-amd64/jre/lib/amd64/libverify.so
7f4a84eff000-7f4a84f01000 r--p 0000f000 08:01 3018550                    /usr/lib/jvm/java-8-openjdk-amd64/jre/lib/amd64/libverify.so
7f4a84f01000-7f4a84f02000 rw-p 00011000 08:01 3018550                    /usr/lib/jvm/java-8-openjdk-amd64/jre/lib/amd64/libverify.so
7f4a84f02000-7f4a84f09000 r-xp 00000000 08:01 29364951                   /lib/x86_64-linux-gnu/librt-2.27.so
7f4a84f09000-7f4a85108000 ---p 00007000 08:01 29364951                   /lib/x86_64-linux-gnu/librt-2.27.so
7f4a85108000-7f4a85109000 r--p 00006000 08:01 29364951                   /lib/x86_64-linux-gnu/librt-2.27.so
7f4a85109000-7f4a8510a000 rw-p 00007000 08:01 29364951                   /lib/x86_64-linux-gnu/librt-2.27.so
7f4a8510a000-7f4a85121000 r-xp 00000000 08:01 29360179                   /lib/x86_64-linux-gnu/libgcc_s.so.1
7f4a85121000-7f4a85320000 ---p 00017000 08:01 29360179                   /lib/x86_64-linux-gnu/libgcc_s.so.1
7f4a85320000-7f4a85321000 r--p 00016000 08:01 29360179                   /lib/x86_64-linux-gnu/libgcc_s.so.1
7f4a85321000-7f4a85322000 rw-p 00017000 08:01 29360179                   /lib/x86_64-linux-gnu/libgcc_s.so.1
7f4a85322000-7f4a854bf000 r-xp 00000000 08:01 29364873                   /lib/x86_64-linux-gnu/libm-2.27.so
7f4a854bf000-7f4a856be000 ---p 0019d000 08:01 29364873                   /lib/x86_64-linux-gnu/libm-2.27.so
7f4a856be000-7f4a856bf000 r--p 0019c000 08:01 29364873                   /lib/x86_64-linux-gnu/libm-2.27.so
7f4a856bf000-7f4a856c0000 rw-p 0019d000 08:01 29364873                   /lib/x86_64-linux-gnu/libm-2.27.so
7f4a856c0000-7f4a85839000 r-xp 00000000 08:01 1311134                    /usr/lib/x86_64-linux-gnu/libstdc++.so.6.0.25
7f4a85839000-7f4a85a39000 ---p 00179000 08:01 1311134                    /usr/lib/x86_64-linux-gnu/libstdc++.so.6.0.25
7f4a85a39000-7f4a85a43000 r--p 00179000 08:01 1311134                    /usr/lib/x86_64-linux-gnu/libstdc++.so.6.0.25
7f4a85a43000-7f4a85a45000 rw-p 00183000 08:01 1311134                    /usr/lib/x86_64-linux-gnu/libstdc++.so.6.0.25
7f4a85a45000-7f4a85a49000 rw-p 00000000 00:00 0 
7f4a85a49000-7f4a866e3000 r-xp 00000000 08:01 3018920                    /usr/lib/jvm/java-8-openjdk-amd64/jre/lib/amd64/server/libjvm.so
7f4a866e3000-7f4a868e2000 ---p 00c9a000 08:01 3018920                    /usr/lib/jvm/java-8-openjdk-amd64/jre/lib/amd64/server/libjvm.so
7f4a868e2000-7f4a86976000 r--p 00c99000 08:01 3018920                    /usr/lib/jvm/java-8-openjdk-amd64/jre/lib/amd64/server/libjvm.so
7f4a86976000-7f4a8699f000 rw-p 00d2d000 08:01 3018920                    /usr/lib/jvm/java-8-openjdk-amd64/jre/lib/amd64/server/libjvm.so
7f4a8699f000-7f4a869cf000 rw-p 00000000 00:00 0 
7f4a869cf000-7f4a869e9000 r-xp 00000000 08:01 29364943                   /lib/x86_64-linux-gnu/libpthread-2.27.so
7f4a869e9000-7f4a86be8000 ---p 0001a000 08:01 29364943                   /lib/x86_64-linux-gnu/libpthread-2.27.so
7f4a86be8000-7f4a86be9000 r--p 00019000 08:01 29364943                   /lib/x86_64-linux-gnu/libpthread-2.27.so
7f4a86be9000-7f4a86bea000 rw-p 0001a000 08:01 29364943                   /lib/x86_64-linux-gnu/libpthread-2.27.so
7f4a86bea000-7f4a86bee000 rw-p 00000000 00:00 0 
7f4a86bee000-7f4a86bf1000 r-xp 00000000 08:01 29364833                   /lib/x86_64-linux-gnu/libdl-2.27.so
7f4a86bf1000-7f4a86df0000 ---p 00003000 08:01 29364833                   /lib/x86_64-linux-gnu/libdl-2.27.so
7f4a86df0000-7f4a86df1000 r--p 00002000 08:01 29364833                   /lib/x86_64-linux-gnu/libdl-2.27.so
7f4a86df1000-7f4a86df2000 rw-p 00003000 08:01 29364833                   /lib/x86_64-linux-gnu/libdl-2.27.so
7f4a86df2000-7f4a86e0e000 r-xp 00000000 08:01 29364982                   /lib/x86_64-linux-gnu/libz.so.1.2.11
7f4a86e0e000-7f4a8700d000 ---p 0001c000 08:01 29364982                   /lib/x86_64-linux-gnu/libz.so.1.2.11
7f4a8700d000-7f4a8700e000 r--p 0001b000 08:01 29364982                   /lib/x86_64-linux-gnu/libz.so.1.2.11
7f4a8700e000-7f4a8700f000 rw-p 0001c000 08:01 29364982                   /lib/x86_64-linux-gnu/libz.so.1.2.11
7f4a8700f000-7f4a871f6000 r-xp 00000000 08:01 29364810                   /lib/x86_64-linux-gnu/libc-2.27.so
7f4a871f6000-7f4a873f6000 ---p 001e7000 08:01 29364810                   /lib/x86_64-linux-gnu/libc-2.27.so
7f4a873f6000-7f4a873fa000 r--p 001e7000 08:01 29364810                   /lib/x86_64-linux-gnu/libc-2.27.so
7f4a873fa000-7f4a873fc000 rw-p 001eb000 08:01 29364810                   /lib/x86_64-linux-gnu/libc-2.27.so
7f4a873fc000-7f4a87400000 rw-p 00000000 00:00 0 
7f4a87400000-7f4a8740e000 r-xp 00000000 08:01 3018329                    /usr/lib/jvm/java-8-openjdk-amd64/jre/lib/amd64/jli/libjli.so
7f4a8740e000-7f4a8760d000 ---p 0000e000 08:01 3018329                    /usr/lib/jvm/java-8-openjdk-amd64/jre/lib/amd64/jli/libjli.so
7f4a8760d000-7f4a8760e000 r--p 0000d000 08:01 3018329                    /usr/lib/jvm/java-8-openjdk-amd64/jre/lib/amd64/jli/libjli.so
7f4a8760e000-7f4a8760f000 rw-p 0000e000 08:01 3018329                    /usr/lib/jvm/java-8-openjdk-amd64/jre/lib/amd64/jli/libjli.so
7f4a8760f000-7f4a87636000 r-xp 00000000 08:01 29364782                   /lib/x86_64-linux-gnu/ld-2.27.so
7f4a87636000-7f4a87637000 r--s 00000000 08:01 3019400                    /usr/lib/jvm/java-8-openjdk-amd64/jre/lib/management-agent.jar
7f4a87637000-7f4a8763d000 r--s 0003b000 08:01 3019383                    /usr/lib/jvm/java-8-openjdk-amd64/jre/lib/ext/sunjce_provider.jar
7f4a8763d000-7f4a8770d000 rw-p 00000000 00:00 0 
7f4a8770d000-7f4a8770e000 ---p 00000000 00:00 0 
7f4a8770e000-7f4a87711000 ---p 00000000 00:00 0 
7f4a87711000-7f4a87810000 rw-p 00000000 00:00 0 
7f4a87810000-7f4a87812000 r--s 00016000 08:01 3019396                    /usr/lib/jvm/java-8-openjdk-amd64/jre/lib/jce.jar
7f4a87812000-7f4a87815000 r--s 00038000 08:01 3019384                    /usr/lib/jvm/java-8-openjdk-amd64/jre/lib/ext/sunpkcs11.jar
7f4a87815000-7f4a87816000 r--s 00010000 08:01 3019385                    /usr/lib/jvm/java-8-openjdk-amd64/jre/lib/ext/zipfs.jar
7f4a87816000-7f4a87818000 r--s 00001000 08:01 3019100                    /usr/lib/jvm/java-8-openjdk-amd64/jre/lib/ext/dnsns.jar
7f4a87818000-7f4a8781a000 r--s 00008000 08:01 3019382                    /usr/lib/jvm/java-8-openjdk-amd64/jre/lib/ext/sunec.jar
7f4a8781a000-7f4a87824000 r--s 00116000 08:01 3019380                    /usr/lib/jvm/java-8-openjdk-amd64/jre/lib/ext/localedata.jar
7f4a87824000-7f4a87827000 r--s 0000f000 08:01 3019123                    /usr/lib/jvm/java-8-openjdk-amd64/jre/lib/ext/icedtea-sound.jar
7f4a87827000-7f4a87828000 r--s 0000a000 08:01 3019138                    /usr/lib/jvm/java-8-openjdk-amd64/jre/lib/ext/jaccess.jar
7f4a87828000-7f4a8782a000 r--s 00007000 08:01 1706685                    /usr/share/java/java-atk-wrapper.jar
7f4a8782a000-7f4a87832000 rw-s 00000000 08:01 22549174                   /tmp/hsperfdata_oxid/26915
7f4a87832000-7f4a87833000 rw-p 00000000 00:00 0 
7f4a87833000-7f4a87834000 ---p 00000000 00:00 0 
7f4a87834000-7f4a87836000 rw-p 00000000 00:00 0 
7f4a87836000-7f4a87837000 r--p 00027000 08:01 29364782                   /lib/x86_64-linux-gnu/ld-2.27.so
7f4a87837000-7f4a87838000 rw-p 00028000 08:01 29364782                   /lib/x86_64-linux-gnu/ld-2.27.so
7f4a87838000-7f4a87839000 rw-p 00000000 00:00 0 
7ffe88e38000-7ffe88e5f000 rw-p 00000000 00:00 0                          [stack]
7ffe88f8e000-7ffe88f91000 r--p 00000000 00:00 0                          [vvar]
7ffe88f91000-7ffe88f93000 r-xp 00000000 00:00 0                          [vdso]
ffffffffff600000-ffffffffff601000 r-xp 00000000 00:00 0                  [vsyscall]

VM Arguments:
jvm_args: -javaagent:/home/oxid/Softwares/idea-IU-181.4892.42/lib/idea_rt.jar=42377:/home/oxid/Softwares/idea-IU-181.4892.42/bin -Dfile.encoding=UTF-8 
java_command: org.opencti.OpenCTI
java_class_path (initial): /usr/lib/jvm/java-8-openjdk-amd64/jre/lib/charsets.jar:/usr/lib/jvm/java-8-openjdk-amd64/jre/lib/ext/cldrdata.jar:/usr/lib/jvm/java-8-openjdk-amd64/jre/lib/ext/dnsns.jar:/usr/lib/jvm/java-8-openjdk-amd64/jre/lib/ext/icedtea-sound.jar:/usr/lib/jvm/java-8-openjdk-amd64/jre/lib/ext/jaccess.jar:/usr/lib/jvm/java-8-openjdk-amd64/jre/lib/ext/java-atk-wrapper.jar:/usr/lib/jvm/java-8-openjdk-amd64/jre/lib/ext/localedata.jar:/usr/lib/jvm/java-8-openjdk-amd64/jre/lib/ext/nashorn.jar:/usr/lib/jvm/java-8-openjdk-amd64/jre/lib/ext/sunec.jar:/usr/lib/jvm/java-8-openjdk-amd64/jre/lib/ext/sunjce_provider.jar:/usr/lib/jvm/java-8-openjdk-amd64/jre/lib/ext/sunpkcs11.jar:/usr/lib/jvm/java-8-openjdk-amd64/jre/lib/ext/zipfs.jar:/usr/lib/jvm/java-8-openjdk-amd64/jre/lib/jce.jar:/usr/lib/jvm/java-8-openjdk-amd64/jre/lib/jsse.jar:/usr/lib/jvm/java-8-openjdk-amd64/jre/lib/management-agent.jar:/usr/lib/jvm/java-8-openjdk-amd64/jre/lib/resources.jar:/usr/lib/jvm/java-8-openjdk-amd64/jre/lib/rt.jar:/home/oxid/Dropbox/Developpement/Associations/Luatix/Produits/OpenCTI/opencti-app2/opencti-loader/target/classes:/home/oxid/.m2/repository/org/cfg4j/cfg4j-core/4.4.1/cfg4j-core-4.4.1.jar:/home/oxid/.m2/repository/org/json/json/20160212/json-20160212.jar:/home/oxid/.m2/repository/io/dropwizard/metrics/metrics-core/3.1.2/metrics-core-3.1.2.jar:/home/oxid/.m2/repository/com/github/drapostolos/type-parser/0.5.0/type-parser-0.5.0.jar:/home/oxid/.m2/repository/org/slf4j/slf4j-api/1.7.21/slf4j-api-1.7.21.jar:/home/oxid/.m2/repository/org/yaml/snakeyaml/1.17/snakeyaml-1.17.jar:/home/oxid/.m2/repository/com/fasterxml/jackson/core/jackson-core/2.9.7/jackson-core-2.9.7.jar:/home/oxid/.m2/repository/com/fasterxml/jackson/core/jackson-databind/2.9.7/jackson-databind-2.9.7.jar:/home/oxid/.m2/repository/com/fasterxml/jackson/core/jackson-annotations/2.9.0/jackson-annotations-2.9.0.jar:/home/oxid/.m2/repository/org/apache/commons/commons-text/1.6/commons-text-1.6.jar:/home/oxid/.m2/repos
Launcher Type: SUN_STANDARD

Environment Variables:
PATH=/home/oxid/.local/bin:/usr/local/sbin:/usr/local/bin:/usr/sbin:/usr/bin:/sbin:/bin:/usr/games:/usr/local/games:/snap/bin
USERNAME=oxid
SHELL=/bin/bash
DISPLAY=:0

Signal Handlers:
SIGSEGV: [libjvm.so+0xab2e60], sa_mask[0]=11111111011111111101111111111110, sa_flags=SA_RESTART|SA_SIGINFO
SIGBUS: [libjvm.so+0xab2e60], sa_mask[0]=11111111011111111101111111111110, sa_flags=SA_RESTART|SA_SIGINFO
SIGFPE: [libjvm.so+0x8e8860], sa_mask[0]=11111111011111111101111111111110, sa_flags=SA_RESTART|SA_SIGINFO
SIGPIPE: [libjvm.so+0x8e8860], sa_mask[0]=11111111011111111101111111111110, sa_flags=SA_RESTART|SA_SIGINFO
SIGXFSZ: [libjvm.so+0x8e8860], sa_mask[0]=11111111011111111101111111111110, sa_flags=SA_RESTART|SA_SIGINFO
SIGILL: [libjvm.so+0x8e8860], sa_mask[0]=11111111011111111101111111111110, sa_flags=SA_RESTART|SA_SIGINFO
SIGUSR1: SIG_DFL, sa_mask[0]=00000000000000000000000000000000, sa_flags=none
SIGUSR2: [libjvm.so+0x8e8710], sa_mask[0]=00100000000000000000000000000000, sa_flags=SA_RESTART|SA_SIGINFO
SIGHUP: [libjvm.so+0x8e8d80], sa_mask[0]=11111111011111111101111111111110, sa_flags=SA_RESTART|SA_SIGINFO
SIGINT: [libjvm.so+0x8e8d80], sa_mask[0]=11111111011111111101111111111110, sa_flags=SA_RESTART|SA_SIGINFO
SIGTERM: [libjvm.so+0x8e8d80], sa_mask[0]=11111111011111111101111111111110, sa_flags=SA_RESTART|SA_SIGINFO
SIGQUIT: [libjvm.so+0x8e8d80], sa_mask[0]=11111111011111111101111111111110, sa_flags=SA_RESTART|SA_SIGINFO


---------------  S Y S T E M  ---------------

OS:DISTRIB_ID=Ubuntu
DISTRIB_RELEASE=18.04
DISTRIB_CODENAME=bionic
DISTRIB_DESCRIPTION="Ubuntu 18.04.1 LTS"

uname:Linux 4.15.0-43-generic #46-Ubuntu SMP Thu Dec 6 14:45:28 UTC 2018 x86_64
libc:glibc 2.27 NPTL 2.27 
rlimit: STACK 8192k, CORE 0k, NPROC 31272, NOFILE 1048576, AS infinity
load average:91,48 69,21 35,12

/proc/meminfo:
MemTotal:        8066268 kB
MemFree:          125064 kB
MemAvailable:      55720 kB
Buffers:             844 kB
Cached:           516764 kB
SwapCached:         5128 kB
Active:          6419608 kB
Inactive:         972364 kB
Active(anon):    6413176 kB
Inactive(anon):   955412 kB
Active(file):       6432 kB
Inactive(file):    16952 kB
Unevictable:       29948 kB
Mlocked:           29948 kB
SwapTotal:       4000764 kB
SwapFree:              0 kB
Dirty:                56 kB
Writeback:             0 kB
AnonPages:       6900288 kB
Mapped:           363228 kB
Shmem:            494144 kB
Slab:             246724 kB
SReclaimable:     113904 kB
SUnreclaim:       132820 kB
KernelStack:       23024 kB
PageTables:       129804 kB
NFS_Unstable:          0 kB
Bounce:                0 kB
WritebackTmp:          0 kB
CommitLimit:     8033896 kB
Committed_AS:   22978528 kB
VmallocTotal:   34359738367 kB
VmallocUsed:           0 kB
VmallocChunk:          0 kB
HardwareCorrupted:     0 kB
AnonHugePages:         0 kB
ShmemHugePages:        0 kB
ShmemPmdMapped:        0 kB
CmaTotal:              0 kB
CmaFree:               0 kB
HugePages_Total:       0
HugePages_Free:        0
HugePages_Rsvd:        0
HugePages_Surp:        0
Hugepagesize:       2048 kB
DirectMap4k:      645272 kB
DirectMap2M:     7641088 kB
DirectMap1G:     1048576 kB

container (cgroup) information:
container_type: cgroupv1
cpu_cpuset_cpus: 0-3
cpu_memory_nodes: 0
active_processor_count: 4
cpu_quota: -1
cpu_period: 100000
cpu_shares: -1
memory_limit_in_bytes: -1
memory_and_swap_limit_in_bytes: -2
memory_soft_limit_in_bytes: -1
memory_usage_in_bytes: 7793537024
memory_max_usage_in_bytes: 7813976064


CPU:total 4 (initial active 4) (2 cores per cpu, 2 threads per core) family 6 model 61 stepping 4, cmov, cx8, fxsr, mmx, sse, sse2, sse3, ssse3, sse4.1, sse4.2, popcnt, avx, avx2, aes, clmul, erms, 3dnowpref, lzcnt, ht, tsc, tscinvbit, bmi1, bmi2, adx

/proc/cpuinfo:
processor	: 0
vendor_id	: GenuineIntel
cpu family	: 6
model		: 61
model name	: Intel(R) Core(TM) i7-5500U CPU @ 2.40GHz
stepping	: 4
microcode	: 0x2b
cpu MHz		: 2893.433
cache size	: 4096 KB
physical id	: 0
siblings	: 4
core id		: 0
cpu cores	: 2
apicid		: 0
initial apicid	: 0
fpu		: yes
fpu_exception	: yes
cpuid level	: 20
wp		: yes
flags		: fpu vme de pse tsc msr pae mce cx8 apic sep mtrr pge mca cmov pat pse36 clflush dts acpi mmx fxsr sse sse2 ss ht tm pbe syscall nx pdpe1gb rdtscp lm constant_tsc arch_perfmon pebs bts rep_good nopl xtopology nonstop_tsc cpuid aperfmperf pni pclmulqdq dtes64 monitor ds_cpl vmx est tm2 ssse3 sdbg fma cx16 xtpr pdcm pcid sse4_1 sse4_2 x2apic movbe popcnt tsc_deadline_timer aes xsave avx f16c rdrand lahf_lm abm 3dnowprefetch cpuid_fault epb invpcid_single pti ssbd ibrs ibpb stibp tpr_shadow vnmi flexpriority ept vpid fsgsbase tsc_adjust bmi1 avx2 smep bmi2 erms invpcid rdseed adx smap intel_pt xsaveopt dtherm ida arat pln pts flush_l1d
bugs		: cpu_meltdown spectre_v1 spectre_v2 spec_store_bypass l1tf
bogomips	: 4788.87
clflush size	: 64
cache_alignment	: 64
address sizes	: 39 bits physical, 48 bits virtual
power management:

processor	: 1
vendor_id	: GenuineIntel
cpu family	: 6
model		: 61
model name	: Intel(R) Core(TM) i7-5500U CPU @ 2.40GHz
stepping	: 4
microcode	: 0x2b
cpu MHz		: 2936.796
cache size	: 4096 KB
physical id	: 0
siblings	: 4
core id		: 1
cpu cores	: 2
apicid		: 2
initial apicid	: 2
fpu		: yes
fpu_exception	: yes
cpuid level	: 20
wp		: yes
flags		: fpu vme de pse tsc msr pae mce cx8 apic sep mtrr pge mca cmov pat pse36 clflush dts acpi mmx fxsr sse sse2 ss ht tm pbe syscall nx pdpe1gb rdtscp lm constant_tsc arch_perfmon pebs bts rep_good nopl xtopology nonstop_tsc cpuid aperfmperf pni pclmulqdq dtes64 monitor ds_cpl vmx est tm2 ssse3 sdbg fma cx16 xtpr pdcm pcid sse4_1 sse4_2 x2apic movbe popcnt tsc_deadline_timer aes xsave avx f16c rdrand lahf_lm abm 3dnowprefetch cpuid_fault epb invpcid_single pti ssbd ibrs ibpb stibp tpr_shadow vnmi flexpriority ept vpid fsgsbase tsc_adjust bmi1 avx2 smep bmi2 erms invpcid rdseed adx smap intel_pt xsaveopt dtherm ida arat pln pts flush_l1d
bugs		: cpu_meltdown spectre_v1 spectre_v2 spec_store_bypass l1tf
bogomips	: 4788.87
clflush size	: 64
cache_alignment	: 64
address sizes	: 39 bits physical, 48 bits virtual
power management:

processor	: 2
vendor_id	: GenuineIntel
cpu family	: 6
model		: 61
model name	: Intel(R) Core(TM) i7-5500U CPU @ 2.40GHz
stepping	: 4
microcode	: 0x2b
cpu MHz		: 2893.241
cache size	: 4096 KB
physical id	: 0
siblings	: 4
core id		: 0
cpu cores	: 2
apicid		: 1
initial apicid	: 1
fpu		: yes
fpu_exception	: yes
cpuid level	: 20
wp		: yes
flags		: fpu vme de pse tsc msr pae mce cx8 apic sep mtrr pge mca cmov pat pse36 clflush dts acpi mmx fxsr sse sse2 ss ht tm pbe syscall nx pdpe1gb rdtscp lm constant_tsc arch_perfmon pebs bts rep_good nopl xtopology nonstop_tsc cpuid aperfmperf pni pclmulqdq dtes64 monitor ds_cpl vmx est tm2 ssse3 sdbg fma cx16 xtpr pdcm pcid sse4_1 sse4_2 x2apic movbe popcnt tsc_deadline_timer aes xsave avx f16c rdrand lahf_lm abm 3dnowprefetch cpuid_fault epb invpcid_single pti ssbd ibrs ibpb stibp tpr_shadow vnmi flexpriority ept vpid fsgsbase tsc_adjust bmi1 avx2 smep bmi2 erms invpcid rdseed adx smap intel_pt xsaveopt dtherm ida arat pln pts flush_l1d
bugs		: cpu_meltdown spectre_v1 spectre_v2 spec_store_bypass l1tf
bogomips	: 4788.87
clflush size	: 64
cache_alignment	: 64
address sizes	: 39 bits physical, 48 bits virtual
power management:

processor	: 3
vendor_id	: GenuineIntel
cpu family	: 6
model		: 61
model name	: Intel(R) Core(TM) i7-5500U CPU @ 2.40GHz
stepping	: 4
microcode	: 0x2b
cpu MHz		: 2940.973
cache size	: 4096 KB
physical id	: 0
siblings	: 4
core id		: 1
cpu cores	: 2
apicid		: 3
initial apicid	: 3
fpu		: yes
fpu_exception	: yes
cpuid level	: 20
wp		: yes
flags		: fpu vme de pse tsc msr pae mce cx8 apic sep mtrr pge mca cmov pat pse36 clflush dts acpi mmx fxsr sse sse2 ss ht tm pbe syscall nx pdpe1gb rdtscp lm constant_tsc arch_perfmon pebs bts rep_good nopl xtopology nonstop_tsc cpuid aperfmperf pni pclmulqdq dtes64 monitor ds_cpl vmx est tm2 ssse3 sdbg fma cx16 xtpr pdcm pcid sse4_1 sse4_2 x2apic movbe popcnt tsc_deadline_timer aes xsave avx f16c rdrand lahf_lm abm 3dnowprefetch cpuid_fault epb invpcid_single pti ssbd ibrs ibpb stibp tpr_shadow vnmi flexpriority ept vpid fsgsbase tsc_adjust bmi1 avx2 smep bmi2 erms invpcid rdseed adx smap intel_pt xsaveopt dtherm ida arat pln pts flush_l1d
bugs		: cpu_meltdown spectre_v1 spectre_v2 spec_store_bypass l1tf
bogomips	: 4788.87
clflush size	: 64
cache_alignment	: 64
address sizes	: 39 bits physical, 48 bits virtual
power management:



Memory: 4k page, physical 8066268k(129176k free), swap 4000764k(0k free)

vm_info: OpenJDK 64-Bit Server VM (25.191-b12) for linux-amd64 JRE (1.8.0_191-8u191-b12-0ubuntu0.18.04.1-b12), built on Nov 20 2018 01:07:58 by "buildd" with gcc 7.3.0

time: Fri Jan  4 13:19:30 2019
elapsed time: 660 seconds (0d 0h 11m 0s)

